                                                                         
 
 Program HYDRUS2
 Date:  24. 5.    Time:  20:40: 0
 Time independent boundary conditions
 Vertical plane flow, V = L*L
 Units: L = cm   , T = hours, M = mmol 
 

----------------------------------------------------------
 Time       [T]  .00000000E+00
----------------------------------------------------------
 Sub-region num.                       1
----------------------------------------------------------
 Area    [V]          .20000E+05   .20000E+05
 Volume  [V]          .20321E+04   .20322E+04
 InFlow  [V/T]        .00000E+00   .00000E+00
 hMean   [L]         -.10259E+03     -102.591
----------------------------------------------------------

----------------------------------------------------------
 Time       [T]        1.0000
----------------------------------------------------------
 Sub-region num.                       1
----------------------------------------------------------
 Area    [V]          .20000E+05   .20000E+05
 Volume  [V]          .24141E+04   .24141E+04
 InFlow  [V/T]        .31982E+03   .31982E+03
 hMean   [L]         -.95128E+02      -95.128
 WatBalT [V]         -.12164E+00
 WatBalR [%]                .032
----------------------------------------------------------

----------------------------------------------------------
 Time       [T]        2.0000
----------------------------------------------------------
 Sub-region num.                       1
----------------------------------------------------------
 Area    [V]          .20000E+05   .20000E+05
 Volume  [V]          .27282E+04   .27283E+04
 InFlow  [V/T]        .31132E+03   .31132E+03
 hMean   [L]         -.89190E+02      -89.190
 WatBalT [V]         -.45087E+00
 WatBalR [%]                .065
----------------------------------------------------------

----------------------------------------------------------
 Time       [T]        3.0000
----------------------------------------------------------
 Sub-region num.                       1
----------------------------------------------------------
 Area    [V]          .20000E+05   .20000E+05
 Volume  [V]          .30383E+04   .30383E+04
 InFlow  [V/T]        .30940E+03   .30940E+03
 hMean   [L]         -.83292E+02      -83.292
 WatBalT [V]         -.70947E+00
 WatBalR [%]                .070
----------------------------------------------------------

----------------------------------------------------------
 Time       [T]        4.0000
----------------------------------------------------------
 Sub-region num.                       1
----------------------------------------------------------
 Area    [V]          .20000E+05   .20000E+05
 Volume  [V]          .33473E+04   .33473E+04
 InFlow  [V/T]        .30873E+03   .30873E+03
 hMean   [L]         -.77419E+02      -77.419
 WatBalT [V]         -.88866E+00
 WatBalR [%]                .067
----------------------------------------------------------

----------------------------------------------------------
 Time       [T]        5.0000
----------------------------------------------------------
 Sub-region num.                       1
----------------------------------------------------------
 Area    [V]          .20000E+05   .20000E+05
 Volume  [V]          .36559E+04   .36559E+04
 InFlow  [V/T]        .30855E+03   .30855E+03
 hMean   [L]         -.71748E+02      -71.748
 WatBalT [V]         -.10245E+01
 WatBalR [%]                .063
----------------------------------------------------------

----------------------------------------------------------
 Time       [T]        6.0000
----------------------------------------------------------
 Sub-region num.                       1
----------------------------------------------------------
 Area    [V]          .20000E+05   .20000E+05
 Volume  [V]          .39643E+04   .39643E+04
 InFlow  [V/T]        .30837E+03   .30837E+03
 hMean   [L]         -.66417E+02      -66.417
 WatBalT [V]         -.11542E+01
 WatBalR [%]                .060
----------------------------------------------------------

----------------------------------------------------------
 Time       [T]        7.0000
----------------------------------------------------------
 Sub-region num.                       1
----------------------------------------------------------
 Area    [V]          .20000E+05   .20000E+05
 Volume  [V]          .42725E+04   .42726E+04
 InFlow  [V/T]        .30814E+03   .30814E+03
 hMean   [L]         -.61348E+02      -61.348
 WatBalT [V]         -.12680E+01
 WatBalR [%]                .057
----------------------------------------------------------

----------------------------------------------------------
 Time       [T]        8.0000
----------------------------------------------------------
 Sub-region num.                       1
----------------------------------------------------------
 Area    [V]          .20000E+05   .20000E+05
 Volume  [V]          .45807E+04   .45807E+04
 InFlow  [V/T]        .30821E+03   .30821E+03
 hMean   [L]         -.56387E+02      -56.387
 WatBalT [V]         -.13572E+01
 WatBalR [%]                .053
----------------------------------------------------------

----------------------------------------------------------
 Time       [T]        9.0000
----------------------------------------------------------
 Sub-region num.                       1
----------------------------------------------------------
 Area    [V]          .20000E+05   .20000E+05
 Volume  [V]          .48888E+04   .48888E+04
 InFlow  [V/T]        .30806E+03   .30806E+03
 hMean   [L]         -.51427E+02      -51.427
 WatBalT [V]         -.14515E+01
 WatBalR [%]                .051
----------------------------------------------------------

----------------------------------------------------------
 Time       [T]       10.0000
----------------------------------------------------------
 Sub-region num.                       1
----------------------------------------------------------
 Area    [V]          .20000E+05   .20000E+05
 Volume  [V]          .51968E+04   .51968E+04
 InFlow  [V/T]        .30796E+03   .30796E+03
 hMean   [L]         -.46428E+02      -46.428
 WatBalT [V]         -.15534E+01
 WatBalR [%]                .049
----------------------------------------------------------
 
 Calculation time [sec]       4.159999996423721
