                                                                         
 
 Program HYDRUS2
 Date:  24. 5.    Time:  20:40: 0
 Time independent boundary conditions
 Vertical plane flow, V = L*L
 Units: L = cm   , T = hours, M = mmol 
 

 Boundary length [L] associated with different types of boundary conditions

 Constant head or flux boundary:    .2500000E+02
 Free or deep drainage boundary:    .1000000E+03


 Time:            1.0000

    i      n      x        z    Code       Q            v           h        th      Temp  Conc(1-NS)   Qc(1-NS)
                 [L]      [L]            [V/T]        [L/T]        [L]      [-]       [C]    [M/L3]    [VM/T.L3]

    1     17     40.0    200.0    1   .54845E+02  -.43876E+02        .00   .410     20.00
    2     18     42.5    200.0    1   .25221E+02  -.10088E+02        .00   .410     20.00
    3     19     45.0    200.0    1   .23783E+02  -.95130E+01        .00   .410     20.00
    4     20     47.5    200.0    1   .22962E+02  -.91849E+01        .00   .410     20.00
    5     21     50.0    200.0    1   .22536E+02  -.90142E+01        .00   .410     20.00
    6     22     52.5    200.0    1   .22396E+02  -.89583E+01        .00   .410     20.00
    7     23     55.0    200.0    1   .22507E+02  -.90027E+01        .00   .410     20.00
    8     24     57.5    200.0    1   .22887E+02  -.91548E+01        .00   .410     20.00
    9     25     60.0    200.0    1   .23610E+02  -.94438E+01        .00   .410     20.00
   10     26     62.5    200.0    1   .24814E+02  -.99254E+01        .00   .410     20.00
   11     27     65.0    200.0    1   .54673E+02  -.43738E+02        .00   .410     20.00
   12   1641       .0       .0   -6  -.13407E-02   .10725E-02    -102.95   .101     20.00
   13   1642      2.5       .0   -6  -.26813E-02   .10725E-02    -102.95   .101     20.00
   14   1643      5.0       .0   -6  -.26813E-02   .10725E-02    -102.95   .101     20.00
   15   1644      7.5       .0   -6  -.26813E-02   .10725E-02    -102.95   .101     20.00
   16   1645     10.0       .0   -6  -.26813E-02   .10725E-02    -102.95   .101     20.00
   17   1646     12.5       .0   -6  -.26813E-02   .10725E-02    -102.95   .101     20.00
   18   1647     15.0       .0   -6  -.26813E-02   .10725E-02    -102.95   .101     20.00
   19   1648     17.5       .0   -6  -.26813E-02   .10725E-02    -102.95   .101     20.00
   20   1649     20.0       .0   -6  -.26813E-02   .10725E-02    -102.95   .101     20.00
   21   1650     22.5       .0   -6  -.26813E-02   .10725E-02    -102.95   .101     20.00
   22   1651     25.0       .0   -6  -.26813E-02   .10725E-02    -102.95   .101     20.00
   23   1652     27.5       .0   -6  -.26813E-02   .10725E-02    -102.95   .101     20.00
   24   1653     30.0       .0   -6  -.26813E-02   .10725E-02    -102.95   .101     20.00
   25   1654     32.5       .0   -6  -.26813E-02   .10725E-02    -102.95   .101     20.00
   26   1655     35.0       .0   -6  -.26813E-02   .10725E-02    -102.95   .101     20.00
   27   1656     37.5       .0   -6  -.26813E-02   .10725E-02    -102.95   .101     20.00
   28   1657     40.0       .0   -6  -.26813E-02   .10725E-02    -102.95   .101     20.00
   29   1658     42.5       .0   -6  -.26813E-02   .10725E-02    -102.95   .101     20.00
   30   1659     45.0       .0   -6  -.26813E-02   .10725E-02    -102.95   .101     20.00
   31   1660     47.5       .0   -6  -.26813E-02   .10725E-02    -102.95   .101     20.00
   32   1661     50.0       .0   -6  -.26813E-02   .10725E-02    -102.95   .101     20.00
   33   1662     52.5       .0   -6  -.26813E-02   .10725E-02    -102.95   .101     20.00
   34   1663     55.0       .0   -6  -.26813E-02   .10725E-02    -102.95   .101     20.00
   35   1664     57.5       .0   -6  -.26813E-02   .10725E-02    -102.95   .101     20.00
   36   1665     60.0       .0   -6  -.26813E-02   .10725E-02    -102.95   .101     20.00
   37   1666     62.5       .0   -6  -.26813E-02   .10725E-02    -102.95   .101     20.00
   38   1667     65.0       .0   -6  -.26813E-02   .10725E-02    -102.95   .101     20.00
   39   1668     67.5       .0   -6  -.26813E-02   .10725E-02    -102.95   .101     20.00
   40   1669     70.0       .0   -6  -.26813E-02   .10725E-02    -102.95   .101     20.00
   41   1670     72.5       .0   -6  -.26813E-02   .10725E-02    -102.95   .101     20.00
   42   1671     75.0       .0   -6  -.26813E-02   .10725E-02    -102.95   .101     20.00
   43   1672     77.5       .0   -6  -.26813E-02   .10725E-02    -102.95   .101     20.00
   44   1673     80.0       .0   -6  -.26813E-02   .10725E-02    -102.95   .101     20.00
   45   1674     82.5       .0   -6  -.26813E-02   .10725E-02    -102.95   .101     20.00
   46   1675     85.0       .0   -6  -.26813E-02   .10725E-02    -102.95   .101     20.00
   47   1676     87.5       .0   -6  -.26813E-02   .10725E-02    -102.95   .101     20.00
   48   1677     90.0       .0   -6  -.26813E-02   .10725E-02    -102.95   .101     20.00
   49   1678     92.5       .0   -6  -.26813E-02   .10725E-02    -102.95   .101     20.00
   50   1679     95.0       .0   -6  -.26813E-02   .10725E-02    -102.95   .101     20.00
   51   1680     97.5       .0   -6  -.26813E-02   .10725E-02    -102.95   .101     20.00
   52   1681    100.0       .0   -6  -.13407E-02   .10725E-02    -102.95   .101     20.00


 Time:            2.0000

    i      n      x        z    Code       Q            v           h        th      Temp  Conc(1-NS)   Qc(1-NS)
                 [L]      [L]            [V/T]        [L/T]        [L]      [-]       [C]    [M/L3]    [VM/T.L3]

    1     17     40.0    200.0    1   .53322E+02  -.42657E+02        .00   .410     20.00
    2     18     42.5    200.0    1   .24505E+02  -.98019E+01        .00   .410     20.00
    3     19     45.0    200.0    1   .23137E+02  -.92550E+01        .00   .410     20.00
    4     20     47.5    200.0    1   .22357E+02  -.89428E+01        .00   .410     20.00
    5     21     50.0    200.0    1   .21950E+02  -.87802E+01        .00   .410     20.00
    6     22     52.5    200.0    1   .21816E+02  -.87266E+01        .00   .410     20.00
    7     23     55.0    200.0    1   .21921E+02  -.87684E+01        .00   .410     20.00
    8     24     57.5    200.0    1   .22282E+02  -.89129E+01        .00   .410     20.00
    9     25     60.0    200.0    1   .22971E+02  -.91885E+01        .00   .410     20.00
   10     26     62.5    200.0    1   .24124E+02  -.96496E+01        .00   .410     20.00
   11     27     65.0    200.0    1   .53257E+02  -.42605E+02        .00   .410     20.00
   12   1641       .0       .0   -6  -.13407E-02   .10725E-02    -102.95   .101     20.00
   13   1642      2.5       .0   -6  -.26813E-02   .10725E-02    -102.95   .101     20.00
   14   1643      5.0       .0   -6  -.26813E-02   .10725E-02    -102.95   .101     20.00
   15   1644      7.5       .0   -6  -.26813E-02   .10725E-02    -102.95   .101     20.00
   16   1645     10.0       .0   -6  -.26813E-02   .10725E-02    -102.95   .101     20.00
   17   1646     12.5       .0   -6  -.26813E-02   .10725E-02    -102.95   .101     20.00
   18   1647     15.0       .0   -6  -.26813E-02   .10725E-02    -102.95   .101     20.00
   19   1648     17.5       .0   -6  -.26813E-02   .10725E-02    -102.95   .101     20.00
   20   1649     20.0       .0   -6  -.26813E-02   .10725E-02    -102.95   .101     20.00
   21   1650     22.5       .0   -6  -.26813E-02   .10725E-02    -102.95   .101     20.00
   22   1651     25.0       .0   -6  -.26813E-02   .10725E-02    -102.95   .101     20.00
   23   1652     27.5       .0   -6  -.26813E-02   .10725E-02    -102.95   .101     20.00
   24   1653     30.0       .0   -6  -.26813E-02   .10725E-02    -102.95   .101     20.00
   25   1654     32.5       .0   -6  -.26813E-02   .10725E-02    -102.95   .101     20.00
   26   1655     35.0       .0   -6  -.26813E-02   .10725E-02    -102.95   .101     20.00
   27   1656     37.5       .0   -6  -.26813E-02   .10725E-02    -102.95   .101     20.00
   28   1657     40.0       .0   -6  -.26813E-02   .10725E-02    -102.95   .101     20.00
   29   1658     42.5       .0   -6  -.26813E-02   .10725E-02    -102.95   .101     20.00
   30   1659     45.0       .0   -6  -.26813E-02   .10725E-02    -102.95   .101     20.00
   31   1660     47.5       .0   -6  -.26813E-02   .10725E-02    -102.95   .101     20.00
   32   1661     50.0       .0   -6  -.26813E-02   .10725E-02    -102.95   .101     20.00
   33   1662     52.5       .0   -6  -.26813E-02   .10725E-02    -102.95   .101     20.00
   34   1663     55.0       .0   -6  -.26813E-02   .10725E-02    -102.95   .101     20.00
   35   1664     57.5       .0   -6  -.26813E-02   .10725E-02    -102.95   .101     20.00
   36   1665     60.0       .0   -6  -.26813E-02   .10725E-02    -102.95   .101     20.00
   37   1666     62.5       .0   -6  -.26813E-02   .10725E-02    -102.95   .101     20.00
   38   1667     65.0       .0   -6  -.26813E-02   .10725E-02    -102.95   .101     20.00
   39   1668     67.5       .0   -6  -.26813E-02   .10725E-02    -102.95   .101     20.00
   40   1669     70.0       .0   -6  -.26813E-02   .10725E-02    -102.95   .101     20.00
   41   1670     72.5       .0   -6  -.26813E-02   .10725E-02    -102.95   .101     20.00
   42   1671     75.0       .0   -6  -.26813E-02   .10725E-02    -102.95   .101     20.00
   43   1672     77.5       .0   -6  -.26813E-02   .10725E-02    -102.95   .101     20.00
   44   1673     80.0       .0   -6  -.26813E-02   .10725E-02    -102.95   .101     20.00
   45   1674     82.5       .0   -6  -.26813E-02   .10725E-02    -102.95   .101     20.00
   46   1675     85.0       .0   -6  -.26813E-02   .10725E-02    -102.95   .101     20.00
   47   1676     87.5       .0   -6  -.26813E-02   .10725E-02    -102.95   .101     20.00
   48   1677     90.0       .0   -6  -.26813E-02   .10725E-02    -102.95   .101     20.00
   49   1678     92.5       .0   -6  -.26813E-02   .10725E-02    -102.95   .101     20.00
   50   1679     95.0       .0   -6  -.26813E-02   .10725E-02    -102.95   .101     20.00
   51   1680     97.5       .0   -6  -.26813E-02   .10725E-02    -102.95   .101     20.00
   52   1681    100.0       .0   -6  -.13407E-02   .10725E-02    -102.95   .101     20.00


 Time:            3.0000

    i      n      x        z    Code       Q            v           h        th      Temp  Conc(1-NS)   Qc(1-NS)
                 [L]      [L]            [V/T]        [L/T]        [L]      [-]       [C]    [M/L3]    [VM/T.L3]

    1     17     40.0    200.0    1   .52942E+02  -.42353E+02        .00   .410     20.00
    2     18     42.5    200.0    1   .24339E+02  -.97354E+01        .00   .410     20.00
    3     19     45.0    200.0    1   .22992E+02  -.91968E+01        .00   .410     20.00
    4     20     47.5    200.0    1   .22224E+02  -.88895E+01        .00   .410     20.00
    5     21     50.0    200.0    1   .21824E+02  -.87295E+01        .00   .410     20.00
    6     22     52.5    200.0    1   .21692E+02  -.86769E+01        .00   .410     20.00
    7     23     55.0    200.0    1   .21796E+02  -.87182E+01        .00   .410     20.00
    8     24     57.5    200.0    1   .22152E+02  -.88607E+01        .00   .410     20.00
    9     25     60.0    200.0    1   .22832E+02  -.91327E+01        .00   .410     20.00
   10     26     62.5    200.0    1   .23971E+02  -.95884E+01        .00   .410     20.00
   11     27     65.0    200.0    1   .52928E+02  -.42342E+02        .00   .410     20.00
   12   1641       .0       .0   -6  -.13407E-02   .10725E-02    -102.95   .101     20.00
   13   1642      2.5       .0   -6  -.26813E-02   .10725E-02    -102.95   .101     20.00
   14   1643      5.0       .0   -6  -.26813E-02   .10725E-02    -102.95   .101     20.00
   15   1644      7.5       .0   -6  -.26813E-02   .10725E-02    -102.95   .101     20.00
   16   1645     10.0       .0   -6  -.26813E-02   .10725E-02    -102.95   .101     20.00
   17   1646     12.5       .0   -6  -.26813E-02   .10725E-02    -102.95   .101     20.00
   18   1647     15.0       .0   -6  -.26813E-02   .10725E-02    -102.95   .101     20.00
   19   1648     17.5       .0   -6  -.26813E-02   .10725E-02    -102.95   .101     20.00
   20   1649     20.0       .0   -6  -.26813E-02   .10725E-02    -102.95   .101     20.00
   21   1650     22.5       .0   -6  -.26813E-02   .10725E-02    -102.95   .101     20.00
   22   1651     25.0       .0   -6  -.26813E-02   .10725E-02    -102.95   .101     20.00
   23   1652     27.5       .0   -6  -.26813E-02   .10725E-02    -102.95   .101     20.00
   24   1653     30.0       .0   -6  -.26813E-02   .10725E-02    -102.95   .101     20.00
   25   1654     32.5       .0   -6  -.26813E-02   .10725E-02    -102.95   .101     20.00
   26   1655     35.0       .0   -6  -.26813E-02   .10725E-02    -102.95   .101     20.00
   27   1656     37.5       .0   -6  -.26813E-02   .10725E-02    -102.95   .101     20.00
   28   1657     40.0       .0   -6  -.26813E-02   .10725E-02    -102.95   .101     20.00
   29   1658     42.5       .0   -6  -.26813E-02   .10725E-02    -102.95   .101     20.00
   30   1659     45.0       .0   -6  -.26813E-02   .10725E-02    -102.95   .101     20.00
   31   1660     47.5       .0   -6  -.26813E-02   .10725E-02    -102.95   .101     20.00
   32   1661     50.0       .0   -6  -.26813E-02   .10725E-02    -102.95   .101     20.00
   33   1662     52.5       .0   -6  -.26813E-02   .10725E-02    -102.95   .101     20.00
   34   1663     55.0       .0   -6  -.26813E-02   .10725E-02    -102.95   .101     20.00
   35   1664     57.5       .0   -6  -.26813E-02   .10725E-02    -102.95   .101     20.00
   36   1665     60.0       .0   -6  -.26813E-02   .10725E-02    -102.95   .101     20.00
   37   1666     62.5       .0   -6  -.26813E-02   .10725E-02    -102.95   .101     20.00
   38   1667     65.0       .0   -6  -.26813E-02   .10725E-02    -102.95   .101     20.00
   39   1668     67.5       .0   -6  -.26813E-02   .10725E-02    -102.95   .101     20.00
   40   1669     70.0       .0   -6  -.26813E-02   .10725E-02    -102.95   .101     20.00
   41   1670     72.5       .0   -6  -.26813E-02   .10725E-02    -102.95   .101     20.00
   42   1671     75.0       .0   -6  -.26813E-02   .10725E-02    -102.95   .101     20.00
   43   1672     77.5       .0   -6  -.26813E-02   .10725E-02    -102.95   .101     20.00
   44   1673     80.0       .0   -6  -.26813E-02   .10725E-02    -102.95   .101     20.00
   45   1674     82.5       .0   -6  -.26813E-02   .10725E-02    -102.95   .101     20.00
   46   1675     85.0       .0   -6  -.26813E-02   .10725E-02    -102.95   .101     20.00
   47   1676     87.5       .0   -6  -.26813E-02   .10725E-02    -102.95   .101     20.00
   48   1677     90.0       .0   -6  -.26813E-02   .10725E-02    -102.95   .101     20.00
   49   1678     92.5       .0   -6  -.26813E-02   .10725E-02    -102.95   .101     20.00
   50   1679     95.0       .0   -6  -.26813E-02   .10725E-02    -102.95   .101     20.00
   51   1680     97.5       .0   -6  -.26813E-02   .10725E-02    -102.95   .101     20.00
   52   1681    100.0       .0   -6  -.13407E-02   .10725E-02    -102.95   .101     20.00


 Time:            4.0000

    i      n      x        z    Code       Q            v           h        th      Temp  Conc(1-NS)   Qc(1-NS)
                 [L]      [L]            [V/T]        [L/T]        [L]      [-]       [C]    [M/L3]    [VM/T.L3]

    1     17     40.0    200.0    1   .52798E+02  -.42239E+02        .00   .410     20.00
    2     18     42.5    200.0    1   .24282E+02  -.97129E+01        .00   .410     20.00
    3     19     45.0    200.0    1   .22945E+02  -.91781E+01        .00   .410     20.00
    4     20     47.5    200.0    1   .22182E+02  -.88730E+01        .00   .410     20.00
    5     21     50.0    200.0    1   .21786E+02  -.87143E+01        .00   .410     20.00
    6     22     52.5    200.0    1   .21655E+02  -.86621E+01        .00   .410     20.00
    7     23     55.0    200.0    1   .21758E+02  -.87032E+01        .00   .410     20.00
    8     24     57.5    200.0    1   .22112E+02  -.88448E+01        .00   .410     20.00
    9     25     60.0    200.0    1   .22787E+02  -.91150E+01        .00   .410     20.00
   10     26     62.5    200.0    1   .23920E+02  -.95681E+01        .00   .410     20.00
   11     27     65.0    200.0    1   .52806E+02  -.42245E+02        .00   .410     20.00
   12   1641       .0       .0   -6  -.13407E-02   .10725E-02    -102.95   .101     20.00
   13   1642      2.5       .0   -6  -.26813E-02   .10725E-02    -102.95   .101     20.00
   14   1643      5.0       .0   -6  -.26813E-02   .10725E-02    -102.95   .101     20.00
   15   1644      7.5       .0   -6  -.26813E-02   .10725E-02    -102.95   .101     20.00
   16   1645     10.0       .0   -6  -.26813E-02   .10725E-02    -102.95   .101     20.00
   17   1646     12.5       .0   -6  -.26813E-02   .10725E-02    -102.95   .101     20.00
   18   1647     15.0       .0   -6  -.26813E-02   .10725E-02    -102.95   .101     20.00
   19   1648     17.5       .0   -6  -.26813E-02   .10725E-02    -102.95   .101     20.00
   20   1649     20.0       .0   -6  -.26813E-02   .10725E-02    -102.95   .101     20.00
   21   1650     22.5       .0   -6  -.26813E-02   .10725E-02    -102.95   .101     20.00
   22   1651     25.0       .0   -6  -.26813E-02   .10725E-02    -102.95   .101     20.00
   23   1652     27.5       .0   -6  -.26813E-02   .10725E-02    -102.95   .101     20.00
   24   1653     30.0       .0   -6  -.26813E-02   .10725E-02    -102.95   .101     20.00
   25   1654     32.5       .0   -6  -.26813E-02   .10725E-02    -102.95   .101     20.00
   26   1655     35.0       .0   -6  -.26813E-02   .10725E-02    -102.95   .101     20.00
   27   1656     37.5       .0   -6  -.26813E-02   .10725E-02    -102.95   .101     20.00
   28   1657     40.0       .0   -6  -.26813E-02   .10725E-02    -102.95   .101     20.00
   29   1658     42.5       .0   -6  -.26813E-02   .10725E-02    -102.95   .101     20.00
   30   1659     45.0       .0   -6  -.26813E-02   .10725E-02    -102.95   .101     20.00
   31   1660     47.5       .0   -6  -.26813E-02   .10725E-02    -102.95   .101     20.00
   32   1661     50.0       .0   -6  -.26813E-02   .10725E-02    -102.95   .101     20.00
   33   1662     52.5       .0   -6  -.26813E-02   .10725E-02    -102.95   .101     20.00
   34   1663     55.0       .0   -6  -.26813E-02   .10725E-02    -102.95   .101     20.00
   35   1664     57.5       .0   -6  -.26813E-02   .10725E-02    -102.95   .101     20.00
   36   1665     60.0       .0   -6  -.26813E-02   .10725E-02    -102.95   .101     20.00
   37   1666     62.5       .0   -6  -.26813E-02   .10725E-02    -102.95   .101     20.00
   38   1667     65.0       .0   -6  -.26813E-02   .10725E-02    -102.95   .101     20.00
   39   1668     67.5       .0   -6  -.26813E-02   .10725E-02    -102.95   .101     20.00
   40   1669     70.0       .0   -6  -.26813E-02   .10725E-02    -102.95   .101     20.00
   41   1670     72.5       .0   -6  -.26813E-02   .10725E-02    -102.95   .101     20.00
   42   1671     75.0       .0   -6  -.26813E-02   .10725E-02    -102.95   .101     20.00
   43   1672     77.5       .0   -6  -.26813E-02   .10725E-02    -102.95   .101     20.00
   44   1673     80.0       .0   -6  -.26813E-02   .10725E-02    -102.95   .101     20.00
   45   1674     82.5       .0   -6  -.26813E-02   .10725E-02    -102.95   .101     20.00
   46   1675     85.0       .0   -6  -.26813E-02   .10725E-02    -102.95   .101     20.00
   47   1676     87.5       .0   -6  -.26813E-02   .10725E-02    -102.95   .101     20.00
   48   1677     90.0       .0   -6  -.26813E-02   .10725E-02    -102.95   .101     20.00
   49   1678     92.5       .0   -6  -.26813E-02   .10725E-02    -102.95   .101     20.00
   50   1679     95.0       .0   -6  -.26813E-02   .10725E-02    -102.95   .101     20.00
   51   1680     97.5       .0   -6  -.26813E-02   .10725E-02    -102.95   .101     20.00
   52   1681    100.0       .0   -6  -.13407E-02   .10725E-02    -102.95   .101     20.00


 Time:            5.0000

    i      n      x        z    Code       Q            v           h        th      Temp  Conc(1-NS)   Qc(1-NS)
                 [L]      [L]            [V/T]        [L/T]        [L]      [-]       [C]    [M/L3]    [VM/T.L3]

    1     17     40.0    200.0    1   .52730E+02  -.42184E+02        .00   .410     20.00
    2     18     42.5    200.0    1   .24256E+02  -.97022E+01        .00   .410     20.00
    3     19     45.0    200.0    1   .22923E+02  -.91691E+01        .00   .410     20.00
    4     20     47.5    200.0    1   .22163E+02  -.88651E+01        .00   .410     20.00
    5     21     50.0    200.0    1   .21767E+02  -.87069E+01        .00   .410     20.00
    6     22     52.5    200.0    1   .21637E+02  -.86550E+01        .00   .410     20.00
    7     23     55.0    200.0    1   .21740E+02  -.86960E+01        .00   .410     20.00
    8     24     57.5    200.0    1   .22093E+02  -.88371E+01        .00   .410     20.00
    9     25     60.0    200.0    1   .22766E+02  -.91065E+01        .00   .410     20.00
   10     26     62.5    200.0    1   .23896E+02  -.95585E+01        .00   .410     20.00
   11     27     65.0    200.0    1   .52749E+02  -.42199E+02        .00   .410     20.00
   12   1641       .0       .0   -6  -.13407E-02   .10725E-02    -102.95   .101     20.00
   13   1642      2.5       .0   -6  -.26813E-02   .10725E-02    -102.95   .101     20.00
   14   1643      5.0       .0   -6  -.26813E-02   .10725E-02    -102.95   .101     20.00
   15   1644      7.5       .0   -6  -.26813E-02   .10725E-02    -102.95   .101     20.00
   16   1645     10.0       .0   -6  -.26813E-02   .10725E-02    -102.95   .101     20.00
   17   1646     12.5       .0   -6  -.26813E-02   .10725E-02    -102.95   .101     20.00
   18   1647     15.0       .0   -6  -.26813E-02   .10725E-02    -102.95   .101     20.00
   19   1648     17.5       .0   -6  -.26813E-02   .10725E-02    -102.95   .101     20.00
   20   1649     20.0       .0   -6  -.26813E-02   .10725E-02    -102.95   .101     20.00
   21   1650     22.5       .0   -6  -.26813E-02   .10725E-02    -102.95   .101     20.00
   22   1651     25.0       .0   -6  -.26813E-02   .10725E-02    -102.95   .101     20.00
   23   1652     27.5       .0   -6  -.26813E-02   .10725E-02    -102.95   .101     20.00
   24   1653     30.0       .0   -6  -.26813E-02   .10725E-02    -102.95   .101     20.00
   25   1654     32.5       .0   -6  -.26813E-02   .10725E-02    -102.95   .101     20.00
   26   1655     35.0       .0   -6  -.26813E-02   .10725E-02    -102.95   .101     20.00
   27   1656     37.5       .0   -6  -.26813E-02   .10725E-02    -102.95   .101     20.00
   28   1657     40.0       .0   -6  -.26813E-02   .10725E-02    -102.95   .101     20.00
   29   1658     42.5       .0   -6  -.26813E-02   .10725E-02    -102.95   .101     20.00
   30   1659     45.0       .0   -6  -.26813E-02   .10725E-02    -102.95   .101     20.00
   31   1660     47.5       .0   -6  -.26813E-02   .10725E-02    -102.95   .101     20.00
   32   1661     50.0       .0   -6  -.26813E-02   .10725E-02    -102.95   .101     20.00
   33   1662     52.5       .0   -6  -.26813E-02   .10725E-02    -102.95   .101     20.00
   34   1663     55.0       .0   -6  -.26813E-02   .10725E-02    -102.95   .101     20.00
   35   1664     57.5       .0   -6  -.26813E-02   .10725E-02    -102.95   .101     20.00
   36   1665     60.0       .0   -6  -.26813E-02   .10725E-02    -102.95   .101     20.00
   37   1666     62.5       .0   -6  -.26813E-02   .10725E-02    -102.95   .101     20.00
   38   1667     65.0       .0   -6  -.26813E-02   .10725E-02    -102.95   .101     20.00
   39   1668     67.5       .0   -6  -.26813E-02   .10725E-02    -102.95   .101     20.00
   40   1669     70.0       .0   -6  -.26813E-02   .10725E-02    -102.95   .101     20.00
   41   1670     72.5       .0   -6  -.26813E-02   .10725E-02    -102.95   .101     20.00
   42   1671     75.0       .0   -6  -.26813E-02   .10725E-02    -102.95   .101     20.00
   43   1672     77.5       .0   -6  -.26813E-02   .10725E-02    -102.95   .101     20.00
   44   1673     80.0       .0   -6  -.26813E-02   .10725E-02    -102.95   .101     20.00
   45   1674     82.5       .0   -6  -.26813E-02   .10725E-02    -102.95   .101     20.00
   46   1675     85.0       .0   -6  -.26813E-02   .10725E-02    -102.95   .101     20.00
   47   1676     87.5       .0   -6  -.26813E-02   .10725E-02    -102.95   .101     20.00
   48   1677     90.0       .0   -6  -.26813E-02   .10725E-02    -102.95   .101     20.00
   49   1678     92.5       .0   -6  -.26813E-02   .10725E-02    -102.95   .101     20.00
   50   1679     95.0       .0   -6  -.26813E-02   .10725E-02    -102.95   .101     20.00
   51   1680     97.5       .0   -6  -.26813E-02   .10725E-02    -102.95   .101     20.00
   52   1681    100.0       .0   -6  -.13407E-02   .10725E-02    -102.95   .101     20.00


 Time:            6.0000

    i      n      x        z    Code       Q            v           h        th      Temp  Conc(1-NS)   Qc(1-NS)
                 [L]      [L]            [V/T]        [L/T]        [L]      [-]       [C]    [M/L3]    [VM/T.L3]

    1     17     40.0    200.0    1   .52696E+02  -.42157E+02        .00   .410     20.00
    2     18     42.5    200.0    1   .24243E+02  -.96971E+01        .00   .410     20.00
    3     19     45.0    200.0    1   .22912E+02  -.91649E+01        .00   .410     20.00
    4     20     47.5    200.0    1   .22153E+02  -.88613E+01        .00   .410     20.00
    5     21     50.0    200.0    1   .21759E+02  -.87034E+01        .00   .410     20.00
    6     22     52.5    200.0    1   .21629E+02  -.86515E+01        .00   .410     20.00
    7     23     55.0    200.0    1   .21731E+02  -.86922E+01        .00   .410     20.00
    8     24     57.5    200.0    1   .22082E+02  -.88329E+01        .00   .410     20.00
    9     25     60.0    200.0    1   .22754E+02  -.91015E+01        .00   .410     20.00
   10     26     62.5    200.0    1   .23881E+02  -.95524E+01        .00   .410     20.00
   11     27     65.0    200.0    1   .52710E+02  -.42168E+02        .00   .410     20.00
   12   1641       .0       .0   -6  -.13407E-02   .10725E-02    -102.95   .101     20.00
   13   1642      2.5       .0   -6  -.26813E-02   .10725E-02    -102.95   .101     20.00
   14   1643      5.0       .0   -6  -.26813E-02   .10725E-02    -102.95   .101     20.00
   15   1644      7.5       .0   -6  -.26813E-02   .10725E-02    -102.95   .101     20.00
   16   1645     10.0       .0   -6  -.26813E-02   .10725E-02    -102.95   .101     20.00
   17   1646     12.5       .0   -6  -.26813E-02   .10725E-02    -102.95   .101     20.00
   18   1647     15.0       .0   -6  -.26813E-02   .10725E-02    -102.95   .101     20.00
   19   1648     17.5       .0   -6  -.26813E-02   .10725E-02    -102.95   .101     20.00
   20   1649     20.0       .0   -6  -.26813E-02   .10725E-02    -102.95   .101     20.00
   21   1650     22.5       .0   -6  -.26813E-02   .10725E-02    -102.95   .101     20.00
   22   1651     25.0       .0   -6  -.26813E-02   .10725E-02    -102.95   .101     20.00
   23   1652     27.5       .0   -6  -.26813E-02   .10725E-02    -102.95   .101     20.00
   24   1653     30.0       .0   -6  -.26813E-02   .10725E-02    -102.95   .101     20.00
   25   1654     32.5       .0   -6  -.26813E-02   .10725E-02    -102.95   .101     20.00
   26   1655     35.0       .0   -6  -.26813E-02   .10725E-02    -102.95   .101     20.00
   27   1656     37.5       .0   -6  -.26813E-02   .10725E-02    -102.95   .101     20.00
   28   1657     40.0       .0   -6  -.26813E-02   .10725E-02    -102.95   .101     20.00
   29   1658     42.5       .0   -6  -.26813E-02   .10725E-02    -102.95   .101     20.00
   30   1659     45.0       .0   -6  -.26813E-02   .10725E-02    -102.95   .101     20.00
   31   1660     47.5       .0   -6  -.26813E-02   .10725E-02    -102.95   .101     20.00
   32   1661     50.0       .0   -6  -.26813E-02   .10725E-02    -102.95   .101     20.00
   33   1662     52.5       .0   -6  -.26813E-02   .10725E-02    -102.95   .101     20.00
   34   1663     55.0       .0   -6  -.26813E-02   .10725E-02    -102.95   .101     20.00
   35   1664     57.5       .0   -6  -.26813E-02   .10725E-02    -102.95   .101     20.00
   36   1665     60.0       .0   -6  -.26813E-02   .10725E-02    -102.95   .101     20.00
   37   1666     62.5       .0   -6  -.26813E-02   .10725E-02    -102.95   .101     20.00
   38   1667     65.0       .0   -6  -.26813E-02   .10725E-02    -102.95   .101     20.00
   39   1668     67.5       .0   -6  -.26813E-02   .10725E-02    -102.95   .101     20.00
   40   1669     70.0       .0   -6  -.26813E-02   .10725E-02    -102.95   .101     20.00
   41   1670     72.5       .0   -6  -.26813E-02   .10725E-02    -102.95   .101     20.00
   42   1671     75.0       .0   -6  -.26813E-02   .10725E-02    -102.95   .101     20.00
   43   1672     77.5       .0   -6  -.26813E-02   .10725E-02    -102.95   .101     20.00
   44   1673     80.0       .0   -6  -.26813E-02   .10725E-02    -102.95   .101     20.00
   45   1674     82.5       .0   -6  -.26813E-02   .10725E-02    -102.95   .101     20.00
   46   1675     85.0       .0   -6  -.26813E-02   .10725E-02    -102.95   .101     20.00
   47   1676     87.5       .0   -6  -.26813E-02   .10725E-02    -102.95   .101     20.00
   48   1677     90.0       .0   -6  -.26813E-02   .10725E-02    -102.95   .101     20.00
   49   1678     92.5       .0   -6  -.26813E-02   .10725E-02    -102.95   .101     20.00
   50   1679     95.0       .0   -6  -.26813E-02   .10725E-02    -102.95   .101     20.00
   51   1680     97.5       .0   -6  -.26813E-02   .10725E-02    -102.95   .101     20.00
   52   1681    100.0       .0   -6  -.13407E-02   .10725E-02    -102.95   .101     20.00


 Time:            7.0000

    i      n      x        z    Code       Q            v           h        th      Temp  Conc(1-NS)   Qc(1-NS)
                 [L]      [L]            [V/T]        [L/T]        [L]      [-]       [C]    [M/L3]    [VM/T.L3]

    1     17     40.0    200.0    1   .52674E+02  -.42139E+02        .00   .410     20.00
    2     18     42.5    200.0    1   .24234E+02  -.96934E+01        .00   .410     20.00
    3     19     45.0    200.0    1   .22904E+02  -.91617E+01        .00   .410     20.00
    4     20     47.5    200.0    1   .22146E+02  -.88585E+01        .00   .410     20.00
    5     21     50.0    200.0    1   .21751E+02  -.87006E+01        .00   .410     20.00
    6     22     52.5    200.0    1   .21621E+02  -.86485E+01        .00   .410     20.00
    7     23     55.0    200.0    1   .21723E+02  -.86890E+01        .00   .410     20.00
    8     24     57.5    200.0    1   .22073E+02  -.88292E+01        .00   .410     20.00
    9     25     60.0    200.0    1   .22743E+02  -.90972E+01        .00   .410     20.00
   10     26     62.5    200.0    1   .23868E+02  -.95472E+01        .00   .410     20.00
   11     27     65.0    200.0    1   .52677E+02  -.42141E+02        .00   .410     20.00
   12   1641       .0       .0   -6  -.13407E-02   .10725E-02    -102.95   .101     20.00
   13   1642      2.5       .0   -6  -.26813E-02   .10725E-02    -102.95   .101     20.00
   14   1643      5.0       .0   -6  -.26813E-02   .10725E-02    -102.95   .101     20.00
   15   1644      7.5       .0   -6  -.26813E-02   .10725E-02    -102.95   .101     20.00
   16   1645     10.0       .0   -6  -.26813E-02   .10725E-02    -102.95   .101     20.00
   17   1646     12.5       .0   -6  -.26813E-02   .10725E-02    -102.95   .101     20.00
   18   1647     15.0       .0   -6  -.26813E-02   .10725E-02    -102.95   .101     20.00
   19   1648     17.5       .0   -6  -.26813E-02   .10725E-02    -102.95   .101     20.00
   20   1649     20.0       .0   -6  -.26813E-02   .10725E-02    -102.95   .101     20.00
   21   1650     22.5       .0   -6  -.26813E-02   .10725E-02    -102.95   .101     20.00
   22   1651     25.0       .0   -6  -.26813E-02   .10725E-02    -102.95   .101     20.00
   23   1652     27.5       .0   -6  -.26813E-02   .10725E-02    -102.95   .101     20.00
   24   1653     30.0       .0   -6  -.26813E-02   .10725E-02    -102.95   .101     20.00
   25   1654     32.5       .0   -6  -.26813E-02   .10725E-02    -102.95   .101     20.00
   26   1655     35.0       .0   -6  -.26813E-02   .10725E-02    -102.95   .101     20.00
   27   1656     37.5       .0   -6  -.26813E-02   .10725E-02    -102.95   .101     20.00
   28   1657     40.0       .0   -6  -.26813E-02   .10725E-02    -102.95   .101     20.00
   29   1658     42.5       .0   -6  -.26813E-02   .10725E-02    -102.95   .101     20.00
   30   1659     45.0       .0   -6  -.26813E-02   .10725E-02    -102.95   .101     20.00
   31   1660     47.5       .0   -6  -.26813E-02   .10725E-02    -102.95   .101     20.00
   32   1661     50.0       .0   -6  -.26813E-02   .10725E-02    -102.95   .101     20.00
   33   1662     52.5       .0   -6  -.26813E-02   .10725E-02    -102.95   .101     20.00
   34   1663     55.0       .0   -6  -.26813E-02   .10725E-02    -102.95   .101     20.00
   35   1664     57.5       .0   -6  -.26813E-02   .10725E-02    -102.95   .101     20.00
   36   1665     60.0       .0   -6  -.26813E-02   .10725E-02    -102.95   .101     20.00
   37   1666     62.5       .0   -6  -.26813E-02   .10725E-02    -102.95   .101     20.00
   38   1667     65.0       .0   -6  -.26813E-02   .10725E-02    -102.95   .101     20.00
   39   1668     67.5       .0   -6  -.26813E-02   .10725E-02    -102.95   .101     20.00
   40   1669     70.0       .0   -6  -.26813E-02   .10725E-02    -102.95   .101     20.00
   41   1670     72.5       .0   -6  -.26813E-02   .10725E-02    -102.95   .101     20.00
   42   1671     75.0       .0   -6  -.26813E-02   .10725E-02    -102.95   .101     20.00
   43   1672     77.5       .0   -6  -.26813E-02   .10725E-02    -102.95   .101     20.00
   44   1673     80.0       .0   -6  -.26813E-02   .10725E-02    -102.95   .101     20.00
   45   1674     82.5       .0   -6  -.26813E-02   .10725E-02    -102.95   .101     20.00
   46   1675     85.0       .0   -6  -.26813E-02   .10725E-02    -102.95   .101     20.00
   47   1676     87.5       .0   -6  -.26813E-02   .10725E-02    -102.95   .101     20.00
   48   1677     90.0       .0   -6  -.26813E-02   .10725E-02    -102.95   .101     20.00
   49   1678     92.5       .0   -6  -.26813E-02   .10725E-02    -102.95   .101     20.00
   50   1679     95.0       .0   -6  -.26813E-02   .10725E-02    -102.95   .101     20.00
   51   1680     97.5       .0   -6  -.26813E-02   .10725E-02    -102.95   .101     20.00
   52   1681    100.0       .0   -6  -.13407E-02   .10725E-02    -102.95   .101     20.00


 Time:            8.0000

    i      n      x        z    Code       Q            v           h        th      Temp  Conc(1-NS)   Qc(1-NS)
                 [L]      [L]            [V/T]        [L/T]        [L]      [-]       [C]    [M/L3]    [VM/T.L3]

    1     17     40.0    200.0    1   .52654E+02  -.42123E+02        .00   .410     20.00
    2     18     42.5    200.0    1   .24226E+02  -.96903E+01        .00   .410     20.00
    3     19     45.0    200.0    1   .22898E+02  -.91591E+01        .00   .410     20.00
    4     20     47.5    200.0    1   .22140E+02  -.88561E+01        .00   .410     20.00
    5     21     50.0    200.0    1   .21746E+02  -.86984E+01        .00   .410     20.00
    6     22     52.5    200.0    1   .21616E+02  -.86464E+01        .00   .410     20.00
    7     23     55.0    200.0    1   .21717E+02  -.86868E+01        .00   .410     20.00
    8     24     57.5    200.0    1   .22067E+02  -.88268E+01        .00   .410     20.00
    9     25     60.0    200.0    1   .22736E+02  -.90945E+01        .00   .410     20.00
   10     26     62.5    200.0    1   .23860E+02  -.95439E+01        .00   .410     20.00
   11     27     65.0    200.0    1   .52656E+02  -.42124E+02        .00   .410     20.00
   12   1641       .0       .0   -6  -.13407E-02   .10725E-02    -102.95   .101     20.00
   13   1642      2.5       .0   -6  -.26813E-02   .10725E-02    -102.95   .101     20.00
   14   1643      5.0       .0   -6  -.26813E-02   .10725E-02    -102.95   .101     20.00
   15   1644      7.5       .0   -6  -.26813E-02   .10725E-02    -102.95   .101     20.00
   16   1645     10.0       .0   -6  -.26813E-02   .10725E-02    -102.95   .101     20.00
   17   1646     12.5       .0   -6  -.26813E-02   .10725E-02    -102.95   .101     20.00
   18   1647     15.0       .0   -6  -.26813E-02   .10725E-02    -102.95   .101     20.00
   19   1648     17.5       .0   -6  -.26813E-02   .10725E-02    -102.95   .101     20.00
   20   1649     20.0       .0   -6  -.26813E-02   .10725E-02    -102.95   .101     20.00
   21   1650     22.5       .0   -6  -.26813E-02   .10725E-02    -102.95   .101     20.00
   22   1651     25.0       .0   -6  -.26813E-02   .10725E-02    -102.95   .101     20.00
   23   1652     27.5       .0   -6  -.26813E-02   .10725E-02    -102.95   .101     20.00
   24   1653     30.0       .0   -6  -.26813E-02   .10725E-02    -102.95   .101     20.00
   25   1654     32.5       .0   -6  -.26813E-02   .10725E-02    -102.95   .101     20.00
   26   1655     35.0       .0   -6  -.26813E-02   .10725E-02    -102.95   .101     20.00
   27   1656     37.5       .0   -6  -.26813E-02   .10725E-02    -102.95   .101     20.00
   28   1657     40.0       .0   -6  -.26813E-02   .10725E-02    -102.95   .101     20.00
   29   1658     42.5       .0   -6  -.26813E-02   .10725E-02    -102.95   .101     20.00
   30   1659     45.0       .0   -6  -.26813E-02   .10725E-02    -102.95   .101     20.00
   31   1660     47.5       .0   -6  -.26813E-02   .10725E-02    -102.95   .101     20.00
   32   1661     50.0       .0   -6  -.26813E-02   .10725E-02    -102.95   .101     20.00
   33   1662     52.5       .0   -6  -.26813E-02   .10725E-02    -102.95   .101     20.00
   34   1663     55.0       .0   -6  -.26813E-02   .10725E-02    -102.95   .101     20.00
   35   1664     57.5       .0   -6  -.26813E-02   .10725E-02    -102.95   .101     20.00
   36   1665     60.0       .0   -6  -.26813E-02   .10725E-02    -102.95   .101     20.00
   37   1666     62.5       .0   -6  -.26813E-02   .10725E-02    -102.95   .101     20.00
   38   1667     65.0       .0   -6  -.26813E-02   .10725E-02    -102.95   .101     20.00
   39   1668     67.5       .0   -6  -.26813E-02   .10725E-02    -102.95   .101     20.00
   40   1669     70.0       .0   -6  -.26813E-02   .10725E-02    -102.95   .101     20.00
   41   1670     72.5       .0   -6  -.26813E-02   .10725E-02    -102.95   .101     20.00
   42   1671     75.0       .0   -6  -.26813E-02   .10725E-02    -102.95   .101     20.00
   43   1672     77.5       .0   -6  -.26813E-02   .10725E-02    -102.95   .101     20.00
   44   1673     80.0       .0   -6  -.26813E-02   .10725E-02    -102.95   .101     20.00
   45   1674     82.5       .0   -6  -.26813E-02   .10725E-02    -102.95   .101     20.00
   46   1675     85.0       .0   -6  -.26813E-02   .10725E-02    -102.95   .101     20.00
   47   1676     87.5       .0   -6  -.26813E-02   .10725E-02    -102.95   .101     20.00
   48   1677     90.0       .0   -6  -.26813E-02   .10725E-02    -102.95   .101     20.00
   49   1678     92.5       .0   -6  -.26813E-02   .10725E-02    -102.95   .101     20.00
   50   1679     95.0       .0   -6  -.26813E-02   .10725E-02    -102.95   .101     20.00
   51   1680     97.5       .0   -6  -.26813E-02   .10725E-02    -102.95   .101     20.00
   52   1681    100.0       .0   -6  -.13407E-02   .10725E-02    -102.95   .101     20.00


 Time:            9.0000

    i      n      x        z    Code       Q            v           h        th      Temp  Conc(1-NS)   Qc(1-NS)
                 [L]      [L]            [V/T]        [L/T]        [L]      [-]       [C]    [M/L3]    [VM/T.L3]

    1     17     40.0    200.0    1   .52636E+02  -.42109E+02        .00   .410     20.00
    2     18     42.5    200.0    1   .24219E+02  -.96877E+01        .00   .410     20.00
    3     19     45.0    200.0    1   .22893E+02  -.91571E+01        .00   .410     20.00
    4     20     47.5    200.0    1   .22136E+02  -.88545E+01        .00   .410     20.00
    5     21     50.0    200.0    1   .21742E+02  -.86970E+01        .00   .410     20.00
    6     22     52.5    200.0    1   .21613E+02  -.86451E+01        .00   .410     20.00
    7     23     55.0    200.0    1   .21714E+02  -.86855E+01        .00   .410     20.00
    8     24     57.5    200.0    1   .22064E+02  -.88255E+01        .00   .410     20.00
    9     25     60.0    200.0    1   .22733E+02  -.90930E+01        .00   .410     20.00
   10     26     62.5    200.0    1   .23856E+02  -.95423E+01        .00   .410     20.00
   11     27     65.0    200.0    1   .52646E+02  -.42116E+02        .00   .410     20.00
   12   1641       .0       .0   -6  -.13407E-02   .10725E-02    -102.95   .101     20.00
   13   1642      2.5       .0   -6  -.26813E-02   .10725E-02    -102.95   .101     20.00
   14   1643      5.0       .0   -6  -.26813E-02   .10725E-02    -102.95   .101     20.00
   15   1644      7.5       .0   -6  -.26813E-02   .10725E-02    -102.95   .101     20.00
   16   1645     10.0       .0   -6  -.26813E-02   .10725E-02    -102.95   .101     20.00
   17   1646     12.5       .0   -6  -.26813E-02   .10725E-02    -102.95   .101     20.00
   18   1647     15.0       .0   -6  -.26813E-02   .10725E-02    -102.95   .101     20.00
   19   1648     17.5       .0   -6  -.26813E-02   .10725E-02    -102.95   .101     20.00
   20   1649     20.0       .0   -6  -.26813E-02   .10725E-02    -102.95   .101     20.00
   21   1650     22.5       .0   -6  -.26813E-02   .10725E-02    -102.95   .101     20.00
   22   1651     25.0       .0   -6  -.26813E-02   .10725E-02    -102.95   .101     20.00
   23   1652     27.5       .0   -6  -.26813E-02   .10725E-02    -102.95   .101     20.00
   24   1653     30.0       .0   -6  -.26813E-02   .10725E-02    -102.95   .101     20.00
   25   1654     32.5       .0   -6  -.26813E-02   .10725E-02    -102.95   .101     20.00
   26   1655     35.0       .0   -6  -.26813E-02   .10725E-02    -102.95   .101     20.00
   27   1656     37.5       .0   -6  -.26813E-02   .10725E-02    -102.95   .101     20.00
   28   1657     40.0       .0   -6  -.26813E-02   .10725E-02    -102.95   .101     20.00
   29   1658     42.5       .0   -6  -.26813E-02   .10725E-02    -102.95   .101     20.00
   30   1659     45.0       .0   -6  -.26813E-02   .10725E-02    -102.95   .101     20.00
   31   1660     47.5       .0   -6  -.26813E-02   .10725E-02    -102.95   .101     20.00
   32   1661     50.0       .0   -6  -.26813E-02   .10725E-02    -102.95   .101     20.00
   33   1662     52.5       .0   -6  -.26813E-02   .10725E-02    -102.95   .101     20.00
   34   1663     55.0       .0   -6  -.26813E-02   .10725E-02    -102.95   .101     20.00
   35   1664     57.5       .0   -6  -.26813E-02   .10725E-02    -102.95   .101     20.00
   36   1665     60.0       .0   -6  -.26813E-02   .10725E-02    -102.95   .101     20.00
   37   1666     62.5       .0   -6  -.26813E-02   .10725E-02    -102.95   .101     20.00
   38   1667     65.0       .0   -6  -.26813E-02   .10725E-02    -102.95   .101     20.00
   39   1668     67.5       .0   -6  -.26813E-02   .10725E-02    -102.95   .101     20.00
   40   1669     70.0       .0   -6  -.26813E-02   .10725E-02    -102.95   .101     20.00
   41   1670     72.5       .0   -6  -.26813E-02   .10725E-02    -102.95   .101     20.00
   42   1671     75.0       .0   -6  -.26813E-02   .10725E-02    -102.95   .101     20.00
   43   1672     77.5       .0   -6  -.26813E-02   .10725E-02    -102.95   .101     20.00
   44   1673     80.0       .0   -6  -.26813E-02   .10725E-02    -102.95   .101     20.00
   45   1674     82.5       .0   -6  -.26813E-02   .10725E-02    -102.95   .101     20.00
   46   1675     85.0       .0   -6  -.26813E-02   .10725E-02    -102.95   .101     20.00
   47   1676     87.5       .0   -6  -.26813E-02   .10725E-02    -102.95   .101     20.00
   48   1677     90.0       .0   -6  -.26813E-02   .10725E-02    -102.95   .101     20.00
   49   1678     92.5       .0   -6  -.26813E-02   .10725E-02    -102.95   .101     20.00
   50   1679     95.0       .0   -6  -.26813E-02   .10725E-02    -102.95   .101     20.00
   51   1680     97.5       .0   -6  -.26813E-02   .10725E-02    -102.95   .101     20.00
   52   1681    100.0       .0   -6  -.13407E-02   .10725E-02    -102.95   .101     20.00


 Time:           10.0000

    i      n      x        z    Code       Q            v           h        th      Temp  Conc(1-NS)   Qc(1-NS)
                 [L]      [L]            [V/T]        [L/T]        [L]      [-]       [C]    [M/L3]    [VM/T.L3]

    1     17     40.0    200.0    1   .52625E+02  -.42100E+02        .00   .410     20.00
    2     18     42.5    200.0    1   .24215E+02  -.96861E+01        .00   .410     20.00
    3     19     45.0    200.0    1   .22889E+02  -.91558E+01        .00   .410     20.00
    4     20     47.5    200.0    1   .22134E+02  -.88534E+01        .00   .410     20.00
    5     21     50.0    200.0    1   .21740E+02  -.86961E+01        .00   .410     20.00
    6     22     52.5    200.0    1   .21611E+02  -.86443E+01        .00   .410     20.00
    7     23     55.0    200.0    1   .21712E+02  -.86848E+01        .00   .410     20.00
    8     24     57.5    200.0    1   .22062E+02  -.88248E+01        .00   .410     20.00
    9     25     60.0    200.0    1   .22731E+02  -.90923E+01        .00   .410     20.00
   10     26     62.5    200.0    1   .23854E+02  -.95416E+01        .00   .410     20.00
   11     27     65.0    200.0    1   .52641E+02  -.42113E+02        .00   .410     20.00
   12   1641       .0       .0   -6  -.13407E-02   .10725E-02    -102.95   .101     20.00
   13   1642      2.5       .0   -6  -.26813E-02   .10725E-02    -102.95   .101     20.00
   14   1643      5.0       .0   -6  -.26813E-02   .10725E-02    -102.95   .101     20.00
   15   1644      7.5       .0   -6  -.26813E-02   .10725E-02    -102.95   .101     20.00
   16   1645     10.0       .0   -6  -.26813E-02   .10725E-02    -102.95   .101     20.00
   17   1646     12.5       .0   -6  -.26813E-02   .10725E-02    -102.95   .101     20.00
   18   1647     15.0       .0   -6  -.26813E-02   .10725E-02    -102.95   .101     20.00
   19   1648     17.5       .0   -6  -.26813E-02   .10725E-02    -102.95   .101     20.00
   20   1649     20.0       .0   -6  -.26813E-02   .10725E-02    -102.95   .101     20.00
   21   1650     22.5       .0   -6  -.26813E-02   .10725E-02    -102.95   .101     20.00
   22   1651     25.0       .0   -6  -.26813E-02   .10725E-02    -102.95   .101     20.00
   23   1652     27.5       .0   -6  -.26813E-02   .10725E-02    -102.95   .101     20.00
   24   1653     30.0       .0   -6  -.26813E-02   .10725E-02    -102.95   .101     20.00
   25   1654     32.5       .0   -6  -.26813E-02   .10725E-02    -102.95   .101     20.00
   26   1655     35.0       .0   -6  -.26813E-02   .10725E-02    -102.95   .101     20.00
   27   1656     37.5       .0   -6  -.26813E-02   .10725E-02    -102.95   .101     20.00
   28   1657     40.0       .0   -6  -.26813E-02   .10725E-02    -102.95   .101     20.00
   29   1658     42.5       .0   -6  -.26813E-02   .10725E-02    -102.95   .101     20.00
   30   1659     45.0       .0   -6  -.26813E-02   .10725E-02    -102.95   .101     20.00
   31   1660     47.5       .0   -6  -.26813E-02   .10725E-02    -102.95   .101     20.00
   32   1661     50.0       .0   -6  -.26813E-02   .10725E-02    -102.95   .101     20.00
   33   1662     52.5       .0   -6  -.26813E-02   .10725E-02    -102.95   .101     20.00
   34   1663     55.0       .0   -6  -.26813E-02   .10725E-02    -102.95   .101     20.00
   35   1664     57.5       .0   -6  -.26813E-02   .10725E-02    -102.95   .101     20.00
   36   1665     60.0       .0   -6  -.26813E-02   .10725E-02    -102.95   .101     20.00
   37   1666     62.5       .0   -6  -.26813E-02   .10725E-02    -102.95   .101     20.00
   38   1667     65.0       .0   -6  -.26813E-02   .10725E-02    -102.95   .101     20.00
   39   1668     67.5       .0   -6  -.26813E-02   .10725E-02    -102.95   .101     20.00
   40   1669     70.0       .0   -6  -.26813E-02   .10725E-02    -102.95   .101     20.00
   41   1670     72.5       .0   -6  -.26813E-02   .10725E-02    -102.95   .101     20.00
   42   1671     75.0       .0   -6  -.26813E-02   .10725E-02    -102.95   .101     20.00
   43   1672     77.5       .0   -6  -.26813E-02   .10725E-02    -102.95   .101     20.00
   44   1673     80.0       .0   -6  -.26813E-02   .10725E-02    -102.95   .101     20.00
   45   1674     82.5       .0   -6  -.26813E-02   .10725E-02    -102.95   .101     20.00
   46   1675     85.0       .0   -6  -.26813E-02   .10725E-02    -102.95   .101     20.00
   47   1676     87.5       .0   -6  -.26813E-02   .10725E-02    -102.95   .101     20.00
   48   1677     90.0       .0   -6  -.26813E-02   .10725E-02    -102.95   .101     20.00
   49   1678     92.5       .0   -6  -.26813E-02   .10725E-02    -102.95   .101     20.00
   50   1679     95.0       .0   -6  -.26813E-02   .10725E-02    -102.95   .101     20.00
   51   1680     97.5       .0   -6  -.26813E-02   .10725E-02    -102.95   .101     20.00
   52   1681    100.0       .0   -6  -.13407E-02   .10725E-02    -102.95   .101     20.00
