                                                                         
 
 Program HYDRUS2
 Date:  24. 5.    Time:  20:40: 0
 Time independent boundary conditions
 Vertical plane flow, V = L*L
 Units: L = cm   , T = hours, M = mmol 
 

 Max. number of iterations             10
 Absolute water content tolerance [-]  .00100
 Absolute pressure head tolerance [L] 1.00000


 Temperature dependence of hydraulic properties is considered



MatNum, Param. array:

   Mat     Qr     Qs        Alfa         n          Ks      l

    1     .036   .410    .490E-01    .208E+01    .771E+01   .500

       Table of Hydraulic Properties which are interpolated in simulation
       =================================================================

  theta         h        log h        C             K        log K          S
 
   .4100   -.100E-03  -.4000E+01   .3647E-07   .7714E+01   .8873E+00    1.0000
   .4100   -.120E-03  -.3919E+01   .4458E-07   .7714E+01   .8873E+00    1.0000
   .4100   -.145E-03  -.3838E+01   .5451E-07   .7714E+01   .8873E+00    1.0000
   .4100   -.175E-03  -.3758E+01   .6664E-07   .7714E+01   .8873E+00    1.0000
   .4100   -.210E-03  -.3677E+01   .8147E-07   .7714E+01   .8873E+00    1.0000
   .4100   -.254E-03  -.3596E+01   .9960E-07   .7714E+01   .8873E+00    1.0000
   .4100   -.305E-03  -.3515E+01   .1218E-06   .7714E+01   .8873E+00    1.0000
   .4100   -.368E-03  -.3434E+01   .1489E-06   .7714E+01   .8873E+00    1.0000
   .4100   -.443E-03  -.3354E+01   .1820E-06   .7714E+01   .8873E+00    1.0000
   .4100   -.534E-03  -.3273E+01   .2225E-06   .7714E+01   .8873E+00    1.0000
   .4100   -.643E-03  -.3192E+01   .2720E-06   .7714E+01   .8873E+00    1.0000
   .4100   -.774E-03  -.3111E+01   .3326E-06   .7714E+01   .8873E+00    1.0000
   .4100   -.933E-03  -.3030E+01   .4066E-06   .7714E+01   .8873E+00    1.0000
   .4100   -.112E-02  -.2949E+01   .4971E-06   .7714E+01   .8873E+00    1.0000
   .4100   -.135E-02  -.2869E+01   .6077E-06   .7714E+01   .8873E+00    1.0000
   .4100   -.163E-02  -.2788E+01   .7430E-06   .7713E+01   .8872E+00    1.0000
   .4100   -.196E-02  -.2707E+01   .9084E-06   .7713E+01   .8872E+00    1.0000
   .4100   -.236E-02  -.2626E+01   .1111E-05   .7713E+01   .8872E+00    1.0000
   .4100   -.285E-02  -.2545E+01   .1358E-05   .7713E+01   .8872E+00    1.0000
   .4100   -.343E-02  -.2465E+01   .1660E-05   .7713E+01   .8872E+00    1.0000
   .4100   -.413E-02  -.2384E+01   .2029E-05   .7712E+01   .8872E+00    1.0000
   .4100   -.498E-02  -.2303E+01   .2481E-05   .7712E+01   .8872E+00    1.0000
   .4100   -.599E-02  -.2222E+01   .3033E-05   .7712E+01   .8871E+00    1.0000
   .4100   -.722E-02  -.2141E+01   .3708E-05   .7711E+01   .8871E+00    1.0000
   .4100   -.870E-02  -.2061E+01   .4534E-05   .7710E+01   .8871E+00    1.0000
   .4100   -.105E-01  -.1980E+01   .5543E-05   .7710E+01   .8870E+00    1.0000
   .4100   -.126E-01  -.1899E+01   .6776E-05   .7709E+01   .8870E+00    1.0000
   .4100   -.152E-01  -.1818E+01   .8285E-05   .7708E+01   .8869E+00    1.0000
   .4100   -.183E-01  -.1737E+01   .1013E-04   .7706E+01   .8868E+00    1.0000
   .4100   -.221E-01  -.1657E+01   .1238E-04   .7704E+01   .8867E+00    1.0000
   .4100   -.266E-01  -.1576E+01   .1514E-04   .7702E+01   .8866E+00    1.0000
   .4100   -.320E-01  -.1495E+01   .1851E-04   .7700E+01   .8865E+00    1.0000
   .4100   -.385E-01  -.1414E+01   .2263E-04   .7696E+01   .8863E+00    1.0000
   .4100   -.464E-01  -.1333E+01   .2766E-04   .7692E+01   .8861E+00    1.0000
   .4100   -.559E-01  -.1253E+01   .3382E-04   .7688E+01   .8858E+00    1.0000
   .4100   -.673E-01  -.1172E+01   .4135E-04   .7682E+01   .8855E+00    1.0000
   .4100   -.811E-01  -.1091E+01   .5055E-04   .7675E+01   .8851E+00    1.0000
   .4100   -.977E-01  -.1010E+01   .6180E-04   .7666E+01   .8846E+00    1.0000
   .4100   -.118E+00  -.9293E+00   .7555E-04   .7655E+01   .8840E+00    1.0000
   .4100   -.142E+00  -.8485E+00   .9237E-04   .7642E+01   .8832E+00    1.0000
   .4100   -.171E+00  -.7677E+00   .1129E-03   .7626E+01   .8823E+00    1.0000
   .4100   -.206E+00  -.6869E+00   .1381E-03   .7607E+01   .8812E+00    1.0000
   .4100   -.248E+00  -.6061E+00   .1688E-03   .7583E+01   .8798E+00     .9999
   .4100   -.298E+00  -.5253E+00   .2063E-03   .7554E+01   .8782E+00     .9999
   .4100   -.359E+00  -.4444E+00   .2522E-03   .7518E+01   .8761E+00     .9999
   .4099   -.433E+00  -.3636E+00   .3083E-03   .7475E+01   .8736E+00     .9998
   .4099   -.521E+00  -.2828E+00   .3768E-03   .7422E+01   .8705E+00     .9997
   .4099   -.628E+00  -.2020E+00   .4605E-03   .7358E+01   .8667E+00     .9996
   .4098   -.756E+00  -.1212E+00   .5627E-03   .7279E+01   .8621E+00     .9995
   .4097   -.911E+00  -.4040E-01   .6875E-03   .7184E+01   .8564E+00     .9992
   .4096   -.110E+01   .4040E-01   .8395E-03   .7068E+01   .8493E+00     .9988
   .4093   -.132E+01   .1212E+00   .1025E-02   .6927E+01   .8406E+00     .9983
   .4090   -.159E+01   .2020E+00   .1250E-02   .6757E+01   .8298E+00     .9974
   .4086   -.192E+01   .2828E+00   .1522E-02   .6552E+01   .8164E+00     .9962
   .4079   -.231E+01   .3636E+00   .1852E-02   .6306E+01   .7998E+00     .9945
   .4070   -.278E+01   .4444E+00   .2247E-02   .6013E+01   .7791E+00     .9919
   .4055   -.335E+01   .5253E+00   .2716E-02   .5665E+01   .7532E+00     .9881
   .4035   -.404E+01   .6061E+00   .3267E-02   .5258E+01   .7209E+00     .9826
   .4005   -.486E+01   .6869E+00   .3901E-02   .4788E+01   .6802E+00     .9747
   .3963   -.586E+01   .7677E+00   .4609E-02   .4257E+01   .6291E+00     .9634
   .3903   -.705E+01   .8485E+00   .5365E-02   .3671E+01   .5647E+00     .9474
   .3820   -.850E+01   .9293E+00   .6119E-02   .3047E+01   .4839E+00     .9252
   .3708   -.102E+02   .1010E+01   .6791E-02   .2415E+01   .3829E+00     .8951
   .3560   -.123E+02   .1091E+01   .7275E-02   .1810E+01   .2576E+00     .8555
   .3373   -.148E+02   .1172E+01   .7460E-02   .1271E+01   .1043E+00     .8057
   .3149   -.179E+02   .1253E+01   .7271E-02   .8318E+00  -.7999E-01     .7456
   .2892   -.215E+02   .1333E+01   .6704E-02   .5052E+00  -.2965E+00     .6771
   .2616   -.260E+02   .1414E+01   .5843E-02   .2853E+00  -.5446E+00     .6031
   .2333   -.313E+02   .1495E+01   .4828E-02   .1507E+00  -.8219E+00     .5275
   .2058   -.376E+02   .1576E+01   .3807E-02   .7513E-01  -.1124E+01     .4541
   .1803   -.453E+02   .1657E+01   .2887E-02   .3573E-01  -.1447E+01     .3857
   .1573   -.546E+02   .1737E+01   .2124E-02   .1638E-01  -.1786E+01     .3242
   .1371   -.658E+02   .1818E+01   .1526E-02   .7304E-02  -.2136E+01     .2704
   .1199   -.792E+02   .1899E+01   .1079E-02   .3192E-02  -.2496E+01     .2242
   .1052   -.955E+02   .1980E+01   .7530E-03   .1375E-02  -.2862E+01     .1851
   .0930   -.115E+03   .2061E+01   .5212E-03   .5865E-03  -.3232E+01     .1524
   .0828   -.138E+03   .2141E+01   .3586E-03   .2484E-03  -.3605E+01     .1252
   .0744   -.167E+03   .2222E+01   .2457E-03   .1047E-03  -.3980E+01     .1027
   .0675   -.201E+03   .2303E+01   .1679E-03   .4398E-04  -.4357E+01     .0842
   .0618   -.242E+03   .2384E+01   .1145E-03   .1843E-04  -.4734E+01     .0690
   .0571   -.292E+03   .2465E+01   .7795E-04   .7712E-05  -.5113E+01     .0565
   .0533   -.351E+03   .2545E+01   .5304E-04   .3224E-05  -.5492E+01     .0462
   .0501   -.423E+03   .2626E+01   .3606E-04   .1347E-05  -.5871E+01     .0378
   .0476   -.509E+03   .2707E+01   .2451E-04   .5622E-06  -.6250E+01     .0310
   .0455   -.614E+03   .2788E+01   .1665E-04   .2346E-06  -.6630E+01     .0253
   .0437   -.739E+03   .2869E+01   .1131E-04   .9791E-07  -.7009E+01     .0207
   .0423   -.890E+03   .2949E+01   .7686E-05   .4085E-07  -.7389E+01     .0169
   .0412   -.107E+04   .3030E+01   .5220E-05   .1704E-07  -.7769E+01     .0139
   .0402   -.129E+04   .3111E+01   .3545E-05   .7108E-08  -.8148E+01     .0113
   .0395   -.156E+04   .3192E+01   .2408E-05   .2965E-08  -.8528E+01     .0093
   .0388   -.187E+04   .3273E+01   .1635E-05   .1237E-08  -.8908E+01     .0076
   .0383   -.226E+04   .3354E+01   .1110E-05   .5157E-09  -.9288E+01     .0062
   .0379   -.272E+04   .3434E+01   .7541E-06   .2151E-09  -.9667E+01     .0051
   .0376   -.327E+04   .3515E+01   .5121E-06   .8971E-10  -.1005E+02     .0042
   .0373   -.394E+04   .3596E+01   .3478E-06   .3742E-10  -.1043E+02     .0034
   .0370   -.475E+04   .3677E+01   .2362E-06   .1560E-10  -.1081E+02     .0028
   .0368   -.572E+04   .3758E+01   .1604E-06   .6508E-11  -.1119E+02     .0023
   .0367   -.689E+04   .3838E+01   .1089E-06   .2714E-11  -.1157E+02     .0019
   .0366   -.830E+04   .3919E+01   .7395E-07   .1132E-11  -.1195E+02     .0015
   .0365   -.100E+05   .4000E+01   .5022E-07   .4721E-12  -.1233E+02     .0012
end
