Gina - Out-Datei
#OUTPUT
 $NOD_VALUES
   PRESSURE1
   PRESSURE2
   PRESSURE_W
   SATURATION1
   SATURATION2
   n
   Ki
 $GEO_TYPE
   DOMAIN 
 $DAT_TYPE
   TECPLOT
 $TIM_TYPE
   STEPS 1
   
#OUTPUT
 $NOD_VALUES
   VELOCITY_Y1
 $GEO_TYPE
   POINT POINT1
 $DAT_TYPE
   TECPLOT
 $TIM_TYPE
   STEPS 1
#STOP
#OUTPUT
 $NOD_VALUES
   PRESSURE1
   PRESSURE2
   PRESSURE_W
   SATURATION1
   SATURATION2
   n
   Ki
 $GEO_TYPE
   POINT POINT0
 $DAT_TYPE
   TECPLOT
 $TIM_TYPE
   STEPS 1   
#OUTPUT
 $NOD_VALUES
   PRESSURE1
   PRESSURE2
   PRESSURE_W
   SATURATION1
   SATURATION2
   n
   Ki
 $GEO_TYPE
   POINT POINT3
 $DAT_TYPE
   TECPLOT
 $TIM_TYPE
   STEPS 1 