                                                                         
 
 Program HYDRUS2
 Date:  24. 5.    Time:  20:40: 5
 Time independent boundary conditions
 Vertical plane flow, V = L*L
 Units: L = cm   , T = hours, M = mmol 
 

----------------------------------------------------------
 Time       [T]  .00000000E+00
----------------------------------------------------------
 Sub-region num.                       1
----------------------------------------------------------
 Area    [V]          .20000E+05   .20000E+05
 Volume  [V]          .20572E+04   .20572E+04
 InFlow  [V/T]        .00000E+00   .00000E+00
 hMean   [L]         -.10269E+03     -102.694
----------------------------------------------------------

----------------------------------------------------------
 Time       [T]        1.0000
----------------------------------------------------------
 Sub-region num.                       1
----------------------------------------------------------
 Area    [V]          .20000E+05   .20000E+05
 Volume  [V]          .24437E+04   .24437E+04
 InFlow  [V/T]        .32699E+03   .32699E+03
 hMean   [L]         -.94541E+02      -94.541
 WatBalT [V]          .15408E+00
 WatBalR [%]                .040
----------------------------------------------------------

----------------------------------------------------------
 Time       [T]        2.0000
----------------------------------------------------------
 Sub-region num.                       1
----------------------------------------------------------
 Area    [V]          .20000E+05   .20000E+05
 Volume  [V]          .27645E+04   .27645E+04
 InFlow  [V/T]        .31860E+03   .31860E+03
 hMean   [L]         -.88249E+02      -88.249
 WatBalT [V]         -.39897E+00
 WatBalR [%]                .056
----------------------------------------------------------

----------------------------------------------------------
 Time       [T]        3.0000
----------------------------------------------------------
 Sub-region num.                       1
----------------------------------------------------------
 Area    [V]          .20000E+05   .20000E+05
 Volume  [V]          .30824E+04   .30824E+04
 InFlow  [V/T]        .31748E+03   .31748E+03
 hMean   [L]         -.82120E+02      -82.120
 WatBalT [V]         -.85935E+00
 WatBalR [%]                .084
----------------------------------------------------------

----------------------------------------------------------
 Time       [T]        4.0000
----------------------------------------------------------
 Sub-region num.                       1
----------------------------------------------------------
 Area    [V]          .20000E+05   .20000E+05
 Volume  [V]          .33994E+04   .33994E+04
 InFlow  [V/T]        .31701E+03   .31701E+03
 hMean   [L]         -.76082E+02      -76.082
 WatBalT [V]         -.13863E+01
 WatBalR [%]                .103
----------------------------------------------------------

----------------------------------------------------------
 Time       [T]        5.0000
----------------------------------------------------------
 Sub-region num.                       1
----------------------------------------------------------
 Area    [V]          .20000E+05   .20000E+05
 Volume  [V]          .37164E+04   .37164E+04
 InFlow  [V/T]        .31704E+03   .31704E+03
 hMean   [L]         -.70397E+02      -70.397
 WatBalT [V]         -.17176E+01
 WatBalR [%]                .103
----------------------------------------------------------

----------------------------------------------------------
 Time       [T]        6.0000
----------------------------------------------------------
 Sub-region num.                       1
----------------------------------------------------------
 Area    [V]          .20000E+05   .20000E+05
 Volume  [V]          .40332E+04   .40331E+04
 InFlow  [V/T]        .31668E+03   .31668E+03
 hMean   [L]         -.64997E+02      -64.997
 WatBalT [V]         -.20580E+01
 WatBalR [%]                .104
----------------------------------------------------------

----------------------------------------------------------
 Time       [T]        7.0000
----------------------------------------------------------
 Sub-region num.                       1
----------------------------------------------------------
 Area    [V]          .20000E+05   .20000E+05
 Volume  [V]          .43499E+04   .43499E+04
 InFlow  [V/T]        .31678E+03   .31678E+03
 hMean   [L]         -.59826E+02      -59.826
 WatBalT [V]         -.23540E+01
 WatBalR [%]                .103
----------------------------------------------------------

----------------------------------------------------------
 Time       [T]        8.0000
----------------------------------------------------------
 Sub-region num.                       1
----------------------------------------------------------
 Area    [V]          .20000E+05   .20000E+05
 Volume  [V]          .46667E+04   .46667E+04
 InFlow  [V/T]        .31689E+03   .31689E+03
 hMean   [L]         -.54710E+02      -54.710
 WatBalT [V]         -.25557E+01
 WatBalR [%]                .098
----------------------------------------------------------

----------------------------------------------------------
 Time       [T]        9.0000
----------------------------------------------------------
 Sub-region num.                       1
----------------------------------------------------------
 Area    [V]          .20000E+05   .20000E+05
 Volume  [V]          .49835E+04   .49835E+04
 InFlow  [V/T]        .31681E+03   .31681E+03
 hMean   [L]         -.49579E+02      -49.579
 WatBalT [V]         -.27175E+01
 WatBalR [%]                .093
----------------------------------------------------------

----------------------------------------------------------
 Time       [T]       10.0000
----------------------------------------------------------
 Sub-region num.                       1
----------------------------------------------------------
 Area    [V]          .20000E+05   .20000E+05
 Volume  [V]          .53003E+04   .53004E+04
 InFlow  [V/T]        .31701E+03   .31701E+03
 hMean   [L]         -.44381E+02      -44.381
 WatBalT [V]         -.28249E+01
 WatBalR [%]                .087
----------------------------------------------------------
 
 Calculation time [sec]  6.100000087171793E-001
