                                                                         
 
 Program HYDRUS2
 Date:  24. 5.    Time:  20:40: 5
 Time independent boundary conditions
 Vertical plane flow, V = L*L
 Units: L = cm   , T = hours, M = mmol 
 

 Boundary length [L] associated with different types of boundary conditions

 Constant head or flux boundary:    .2500000E+02
 Free or deep drainage boundary:    .1000000E+03


 Time:            1.0000

    i      n      x        z    Code       Q            v           h        th      Temp  Conc(1-NS)   Qc(1-NS)
                 [L]      [L]            [V/T]        [L/T]        [L]      [-]       [C]    [M/L3]    [VM/T.L3]

    1      9     40.0    200.0    1   .78522E+02  -.31409E+02        .00   .410     20.00
    2     10     45.0    200.0    1   .43298E+02  -.86597E+01        .00   .410     20.00
    3     11     50.0    200.0    1   .42245E+02  -.84489E+01        .00   .410     20.00
    4     12     55.0    200.0    1   .41980E+02  -.83959E+01        .00   .410     20.00
    5     13     60.0    200.0    1   .42277E+02  -.84554E+01        .00   .410     20.00
    6     14     65.0    200.0    1   .77775E+02  -.31110E+02        .00   .410     20.00
    7    421       .0       .0   -6  -.23521E-02   .94086E-03    -103.47   .101     20.00
    8    422      5.0       .0   -6  -.47043E-02   .94086E-03    -103.47   .101     20.00
    9    423     10.0       .0   -6  -.47043E-02   .94086E-03    -103.47   .101     20.00
   10    424     15.0       .0   -6  -.47043E-02   .94086E-03    -103.47   .101     20.00
   11    425     20.0       .0   -6  -.47043E-02   .94086E-03    -103.47   .101     20.00
   12    426     25.0       .0   -6  -.47043E-02   .94086E-03    -103.47   .101     20.00
   13    427     30.0       .0   -6  -.47043E-02   .94086E-03    -103.47   .101     20.00
   14    428     35.0       .0   -6  -.47043E-02   .94086E-03    -103.47   .101     20.00
   15    429     40.0       .0   -6  -.47043E-02   .94086E-03    -103.47   .101     20.00
   16    430     45.0       .0   -6  -.47043E-02   .94086E-03    -103.47   .101     20.00
   17    431     50.0       .0   -6  -.47043E-02   .94086E-03    -103.47   .101     20.00
   18    432     55.0       .0   -6  -.47043E-02   .94086E-03    -103.47   .101     20.00
   19    433     60.0       .0   -6  -.47043E-02   .94086E-03    -103.47   .101     20.00
   20    434     65.0       .0   -6  -.47043E-02   .94086E-03    -103.47   .101     20.00
   21    435     70.0       .0   -6  -.47043E-02   .94086E-03    -103.47   .101     20.00
   22    436     75.0       .0   -6  -.47043E-02   .94086E-03    -103.47   .101     20.00
   23    437     80.0       .0   -6  -.47043E-02   .94086E-03    -103.47   .101     20.00
   24    438     85.0       .0   -6  -.47043E-02   .94086E-03    -103.47   .101     20.00
   25    439     90.0       .0   -6  -.47043E-02   .94086E-03    -103.47   .101     20.00
   26    440     95.0       .0   -6  -.47043E-02   .94086E-03    -103.47   .101     20.00
   27    441    100.0       .0   -6  -.23521E-02   .94086E-03    -103.47   .101     20.00


 Time:            2.0000

    i      n      x        z    Code       Q            v           h        th      Temp  Conc(1-NS)   Qc(1-NS)
                 [L]      [L]            [V/T]        [L/T]        [L]      [-]       [C]    [M/L3]    [VM/T.L3]

    1      9     40.0    200.0    1   .76909E+02  -.30764E+02        .00   .410     20.00
    2     10     45.0    200.0    1   .42195E+02  -.84391E+01        .00   .410     20.00
    3     11     50.0    200.0    1   .41193E+02  -.82385E+01        .00   .410     20.00
    4     12     55.0    200.0    1   .40954E+02  -.81908E+01        .00   .410     20.00
    5     13     60.0    200.0    1   .41288E+02  -.82577E+01        .00   .410     20.00
    6     14     65.0    200.0    1   .76791E+02  -.30716E+02        .00   .410     20.00
    7    421       .0       .0   -6  -.23521E-02   .94086E-03    -103.47   .101     20.00
    8    422      5.0       .0   -6  -.47043E-02   .94086E-03    -103.47   .101     20.00
    9    423     10.0       .0   -6  -.47043E-02   .94086E-03    -103.47   .101     20.00
   10    424     15.0       .0   -6  -.47043E-02   .94086E-03    -103.47   .101     20.00
   11    425     20.0       .0   -6  -.47043E-02   .94086E-03    -103.47   .101     20.00
   12    426     25.0       .0   -6  -.47043E-02   .94086E-03    -103.47   .101     20.00
   13    427     30.0       .0   -6  -.47043E-02   .94086E-03    -103.47   .101     20.00
   14    428     35.0       .0   -6  -.47043E-02   .94086E-03    -103.47   .101     20.00
   15    429     40.0       .0   -6  -.47043E-02   .94086E-03    -103.47   .101     20.00
   16    430     45.0       .0   -6  -.47043E-02   .94086E-03    -103.47   .101     20.00
   17    431     50.0       .0   -6  -.47043E-02   .94086E-03    -103.47   .101     20.00
   18    432     55.0       .0   -6  -.47043E-02   .94086E-03    -103.47   .101     20.00
   19    433     60.0       .0   -6  -.47043E-02   .94086E-03    -103.47   .101     20.00
   20    434     65.0       .0   -6  -.47043E-02   .94086E-03    -103.47   .101     20.00
   21    435     70.0       .0   -6  -.47043E-02   .94086E-03    -103.47   .101     20.00
   22    436     75.0       .0   -6  -.47043E-02   .94086E-03    -103.47   .101     20.00
   23    437     80.0       .0   -6  -.47043E-02   .94086E-03    -103.47   .101     20.00
   24    438     85.0       .0   -6  -.47043E-02   .94086E-03    -103.47   .101     20.00
   25    439     90.0       .0   -6  -.47043E-02   .94086E-03    -103.47   .101     20.00
   26    440     95.0       .0   -6  -.47043E-02   .94086E-03    -103.47   .101     20.00
   27    441    100.0       .0   -6  -.23521E-02   .94086E-03    -103.47   .101     20.00


 Time:            3.0000

    i      n      x        z    Code       Q            v           h        th      Temp  Conc(1-NS)   Qc(1-NS)
                 [L]      [L]            [V/T]        [L/T]        [L]      [-]       [C]    [M/L3]    [VM/T.L3]

    1      9     40.0    200.0    1   .76501E+02  -.30600E+02        .00   .410     20.00
    2     10     45.0    200.0    1   .41977E+02  -.83954E+01        .00   .410     20.00
    3     11     50.0    200.0    1   .41001E+02  -.82003E+01        .00   .410     20.00
    4     12     55.0    200.0    1   .40774E+02  -.81548E+01        .00   .410     20.00
    5     13     60.0    200.0    1   .41116E+02  -.82232E+01        .00   .410     20.00
    6     14     65.0    200.0    1   .76624E+02  -.30650E+02        .00   .410     20.00
    7    421       .0       .0   -6  -.23521E-02   .94086E-03    -103.47   .101     20.00
    8    422      5.0       .0   -6  -.47043E-02   .94086E-03    -103.47   .101     20.00
    9    423     10.0       .0   -6  -.47043E-02   .94086E-03    -103.47   .101     20.00
   10    424     15.0       .0   -6  -.47043E-02   .94086E-03    -103.47   .101     20.00
   11    425     20.0       .0   -6  -.47043E-02   .94086E-03    -103.47   .101     20.00
   12    426     25.0       .0   -6  -.47043E-02   .94086E-03    -103.47   .101     20.00
   13    427     30.0       .0   -6  -.47043E-02   .94086E-03    -103.47   .101     20.00
   14    428     35.0       .0   -6  -.47043E-02   .94086E-03    -103.47   .101     20.00
   15    429     40.0       .0   -6  -.47043E-02   .94086E-03    -103.47   .101     20.00
   16    430     45.0       .0   -6  -.47043E-02   .94086E-03    -103.47   .101     20.00
   17    431     50.0       .0   -6  -.47043E-02   .94086E-03    -103.47   .101     20.00
   18    432     55.0       .0   -6  -.47043E-02   .94086E-03    -103.47   .101     20.00
   19    433     60.0       .0   -6  -.47043E-02   .94086E-03    -103.47   .101     20.00
   20    434     65.0       .0   -6  -.47043E-02   .94086E-03    -103.47   .101     20.00
   21    435     70.0       .0   -6  -.47043E-02   .94086E-03    -103.47   .101     20.00
   22    436     75.0       .0   -6  -.47043E-02   .94086E-03    -103.47   .101     20.00
   23    437     80.0       .0   -6  -.47043E-02   .94086E-03    -103.47   .101     20.00
   24    438     85.0       .0   -6  -.47043E-02   .94086E-03    -103.47   .101     20.00
   25    439     90.0       .0   -6  -.47043E-02   .94086E-03    -103.47   .101     20.00
   26    440     95.0       .0   -6  -.47043E-02   .94086E-03    -103.47   .101     20.00
   27    441    100.0       .0   -6  -.23521E-02   .94086E-03    -103.47   .101     20.00


 Time:            4.0000

    i      n      x        z    Code       Q            v           h        th      Temp  Conc(1-NS)   Qc(1-NS)
                 [L]      [L]            [V/T]        [L/T]        [L]      [-]       [C]    [M/L3]    [VM/T.L3]

    1      9     40.0    200.0    1   .76320E+02  -.30528E+02        .00   .410     20.00
    2     10     45.0    200.0    1   .41896E+02  -.83791E+01        .00   .410     20.00
    3     11     50.0    200.0    1   .40933E+02  -.81865E+01        .00   .410     20.00
    4     12     55.0    200.0    1   .40711E+02  -.81422E+01        .00   .410     20.00
    5     13     60.0    200.0    1   .41055E+02  -.82111E+01        .00   .410     20.00
    6     14     65.0    200.0    1   .76563E+02  -.30625E+02        .00   .410     20.00
    7    421       .0       .0   -6  -.23521E-02   .94086E-03    -103.47   .101     20.00
    8    422      5.0       .0   -6  -.47043E-02   .94086E-03    -103.47   .101     20.00
    9    423     10.0       .0   -6  -.47043E-02   .94086E-03    -103.47   .101     20.00
   10    424     15.0       .0   -6  -.47043E-02   .94086E-03    -103.47   .101     20.00
   11    425     20.0       .0   -6  -.47043E-02   .94086E-03    -103.47   .101     20.00
   12    426     25.0       .0   -6  -.47043E-02   .94086E-03    -103.47   .101     20.00
   13    427     30.0       .0   -6  -.47043E-02   .94086E-03    -103.47   .101     20.00
   14    428     35.0       .0   -6  -.47043E-02   .94086E-03    -103.47   .101     20.00
   15    429     40.0       .0   -6  -.47043E-02   .94086E-03    -103.47   .101     20.00
   16    430     45.0       .0   -6  -.47043E-02   .94086E-03    -103.47   .101     20.00
   17    431     50.0       .0   -6  -.47043E-02   .94086E-03    -103.47   .101     20.00
   18    432     55.0       .0   -6  -.47043E-02   .94086E-03    -103.47   .101     20.00
   19    433     60.0       .0   -6  -.47043E-02   .94086E-03    -103.47   .101     20.00
   20    434     65.0       .0   -6  -.47043E-02   .94086E-03    -103.47   .101     20.00
   21    435     70.0       .0   -6  -.47043E-02   .94086E-03    -103.47   .101     20.00
   22    436     75.0       .0   -6  -.47043E-02   .94086E-03    -103.47   .101     20.00
   23    437     80.0       .0   -6  -.47043E-02   .94086E-03    -103.47   .101     20.00
   24    438     85.0       .0   -6  -.47043E-02   .94086E-03    -103.47   .101     20.00
   25    439     90.0       .0   -6  -.47043E-02   .94086E-03    -103.47   .101     20.00
   26    440     95.0       .0   -6  -.47043E-02   .94086E-03    -103.47   .101     20.00
   27    441    100.0       .0   -6  -.23521E-02   .94086E-03    -103.47   .101     20.00


 Time:            5.0000

    i      n      x        z    Code       Q            v           h        th      Temp  Conc(1-NS)   Qc(1-NS)
                 [L]      [L]            [V/T]        [L/T]        [L]      [-]       [C]    [M/L3]    [VM/T.L3]

    1      9     40.0    200.0    1   .76269E+02  -.30508E+02        .00   .410     20.00
    2     10     45.0    200.0    1   .41900E+02  -.83800E+01        .00   .410     20.00
    3     11     50.0    200.0    1   .40946E+02  -.81893E+01        .00   .410     20.00
    4     12     55.0    200.0    1   .40727E+02  -.81454E+01        .00   .410     20.00
    5     13     60.0    200.0    1   .41069E+02  -.82137E+01        .00   .410     20.00
    6     14     65.0    200.0    1   .76582E+02  -.30633E+02        .00   .410     20.00
    7    421       .0       .0   -6  -.23521E-02   .94086E-03    -103.47   .101     20.00
    8    422      5.0       .0   -6  -.47043E-02   .94086E-03    -103.47   .101     20.00
    9    423     10.0       .0   -6  -.47043E-02   .94086E-03    -103.47   .101     20.00
   10    424     15.0       .0   -6  -.47043E-02   .94086E-03    -103.47   .101     20.00
   11    425     20.0       .0   -6  -.47043E-02   .94086E-03    -103.47   .101     20.00
   12    426     25.0       .0   -6  -.47043E-02   .94086E-03    -103.47   .101     20.00
   13    427     30.0       .0   -6  -.47043E-02   .94086E-03    -103.47   .101     20.00
   14    428     35.0       .0   -6  -.47043E-02   .94086E-03    -103.47   .101     20.00
   15    429     40.0       .0   -6  -.47043E-02   .94086E-03    -103.47   .101     20.00
   16    430     45.0       .0   -6  -.47043E-02   .94086E-03    -103.47   .101     20.00
   17    431     50.0       .0   -6  -.47043E-02   .94086E-03    -103.47   .101     20.00
   18    432     55.0       .0   -6  -.47043E-02   .94086E-03    -103.47   .101     20.00
   19    433     60.0       .0   -6  -.47043E-02   .94086E-03    -103.47   .101     20.00
   20    434     65.0       .0   -6  -.47043E-02   .94086E-03    -103.47   .101     20.00
   21    435     70.0       .0   -6  -.47043E-02   .94086E-03    -103.47   .101     20.00
   22    436     75.0       .0   -6  -.47043E-02   .94086E-03    -103.47   .101     20.00
   23    437     80.0       .0   -6  -.47043E-02   .94086E-03    -103.47   .101     20.00
   24    438     85.0       .0   -6  -.47043E-02   .94086E-03    -103.47   .101     20.00
   25    439     90.0       .0   -6  -.47043E-02   .94086E-03    -103.47   .101     20.00
   26    440     95.0       .0   -6  -.47043E-02   .94086E-03    -103.47   .101     20.00
   27    441    100.0       .0   -6  -.23521E-02   .94086E-03    -103.47   .101     20.00


 Time:            6.0000

    i      n      x        z    Code       Q            v           h        th      Temp  Conc(1-NS)   Qc(1-NS)
                 [L]      [L]            [V/T]        [L/T]        [L]      [-]       [C]    [M/L3]    [VM/T.L3]

    1      9     40.0    200.0    1   .76192E+02  -.30477E+02        .00   .410     20.00
    2     10     45.0    200.0    1   .41847E+02  -.83695E+01        .00   .410     20.00
    3     11     50.0    200.0    1   .40893E+02  -.81786E+01        .00   .410     20.00
    4     12     55.0    200.0    1   .40674E+02  -.81349E+01        .00   .410     20.00
    5     13     60.0    200.0    1   .41019E+02  -.82037E+01        .00   .410     20.00
    6     14     65.0    200.0    1   .76529E+02  -.30612E+02        .00   .410     20.00
    7    421       .0       .0   -6  -.23521E-02   .94086E-03    -103.47   .101     20.00
    8    422      5.0       .0   -6  -.47043E-02   .94086E-03    -103.47   .101     20.00
    9    423     10.0       .0   -6  -.47043E-02   .94086E-03    -103.47   .101     20.00
   10    424     15.0       .0   -6  -.47043E-02   .94086E-03    -103.47   .101     20.00
   11    425     20.0       .0   -6  -.47043E-02   .94086E-03    -103.47   .101     20.00
   12    426     25.0       .0   -6  -.47043E-02   .94086E-03    -103.47   .101     20.00
   13    427     30.0       .0   -6  -.47043E-02   .94086E-03    -103.47   .101     20.00
   14    428     35.0       .0   -6  -.47043E-02   .94086E-03    -103.47   .101     20.00
   15    429     40.0       .0   -6  -.47043E-02   .94086E-03    -103.47   .101     20.00
   16    430     45.0       .0   -6  -.47043E-02   .94086E-03    -103.47   .101     20.00
   17    431     50.0       .0   -6  -.47043E-02   .94086E-03    -103.47   .101     20.00
   18    432     55.0       .0   -6  -.47043E-02   .94086E-03    -103.47   .101     20.00
   19    433     60.0       .0   -6  -.47043E-02   .94086E-03    -103.47   .101     20.00
   20    434     65.0       .0   -6  -.47043E-02   .94086E-03    -103.47   .101     20.00
   21    435     70.0       .0   -6  -.47043E-02   .94086E-03    -103.47   .101     20.00
   22    436     75.0       .0   -6  -.47043E-02   .94086E-03    -103.47   .101     20.00
   23    437     80.0       .0   -6  -.47043E-02   .94086E-03    -103.47   .101     20.00
   24    438     85.0       .0   -6  -.47043E-02   .94086E-03    -103.47   .101     20.00
   25    439     90.0       .0   -6  -.47043E-02   .94086E-03    -103.47   .101     20.00
   26    440     95.0       .0   -6  -.47043E-02   .94086E-03    -103.47   .101     20.00
   27    441    100.0       .0   -6  -.23521E-02   .94086E-03    -103.47   .101     20.00


 Time:            7.0000

    i      n      x        z    Code       Q            v           h        th      Temp  Conc(1-NS)   Qc(1-NS)
                 [L]      [L]            [V/T]        [L/T]        [L]      [-]       [C]    [M/L3]    [VM/T.L3]

    1      9     40.0    200.0    1   .76164E+02  -.30465E+02        .00   .410     20.00
    2     10     45.0    200.0    1   .41841E+02  -.83681E+01        .00   .410     20.00
    3     11     50.0    200.0    1   .40889E+02  -.81779E+01        .00   .410     20.00
    4     12     55.0    200.0    1   .40671E+02  -.81342E+01        .00   .410     20.00
    5     13     60.0    200.0    1   .41015E+02  -.82029E+01        .00   .410     20.00
    6     14     65.0    200.0    1   .76529E+02  -.30612E+02        .00   .410     20.00
    7    421       .0       .0   -6  -.23521E-02   .94086E-03    -103.47   .101     20.00
    8    422      5.0       .0   -6  -.47043E-02   .94086E-03    -103.47   .101     20.00
    9    423     10.0       .0   -6  -.47043E-02   .94086E-03    -103.47   .101     20.00
   10    424     15.0       .0   -6  -.47043E-02   .94086E-03    -103.47   .101     20.00
   11    425     20.0       .0   -6  -.47043E-02   .94086E-03    -103.47   .101     20.00
   12    426     25.0       .0   -6  -.47043E-02   .94086E-03    -103.47   .101     20.00
   13    427     30.0       .0   -6  -.47043E-02   .94086E-03    -103.47   .101     20.00
   14    428     35.0       .0   -6  -.47043E-02   .94086E-03    -103.47   .101     20.00
   15    429     40.0       .0   -6  -.47043E-02   .94086E-03    -103.47   .101     20.00
   16    430     45.0       .0   -6  -.47043E-02   .94086E-03    -103.47   .101     20.00
   17    431     50.0       .0   -6  -.47043E-02   .94086E-03    -103.47   .101     20.00
   18    432     55.0       .0   -6  -.47043E-02   .94086E-03    -103.47   .101     20.00
   19    433     60.0       .0   -6  -.47043E-02   .94086E-03    -103.47   .101     20.00
   20    434     65.0       .0   -6  -.47043E-02   .94086E-03    -103.47   .101     20.00
   21    435     70.0       .0   -6  -.47043E-02   .94086E-03    -103.47   .101     20.00
   22    436     75.0       .0   -6  -.47043E-02   .94086E-03    -103.47   .101     20.00
   23    437     80.0       .0   -6  -.47043E-02   .94086E-03    -103.47   .101     20.00
   24    438     85.0       .0   -6  -.47043E-02   .94086E-03    -103.47   .101     20.00
   25    439     90.0       .0   -6  -.47043E-02   .94086E-03    -103.47   .101     20.00
   26    440     95.0       .0   -6  -.47043E-02   .94086E-03    -103.47   .101     20.00
   27    441    100.0       .0   -6  -.23521E-02   .94086E-03    -103.47   .101     20.00


 Time:            8.0000

    i      n      x        z    Code       Q            v           h        th      Temp  Conc(1-NS)   Qc(1-NS)
                 [L]      [L]            [V/T]        [L/T]        [L]      [-]       [C]    [M/L3]    [VM/T.L3]

    1      9     40.0    200.0    1   .76137E+02  -.30455E+02        .00   .410     20.00
    2     10     45.0    200.0    1   .41834E+02  -.83668E+01        .00   .410     20.00
    3     11     50.0    200.0    1   .40886E+02  -.81772E+01        .00   .410     20.00
    4     12     55.0    200.0    1   .40669E+02  -.81338E+01        .00   .410     20.00
    5     13     60.0    200.0    1   .41013E+02  -.82026E+01        .00   .410     20.00
    6     14     65.0    200.0    1   .76528E+02  -.30611E+02        .00   .410     20.00
    7    421       .0       .0   -6  -.23521E-02   .94086E-03    -103.47   .101     20.00
    8    422      5.0       .0   -6  -.47043E-02   .94086E-03    -103.47   .101     20.00
    9    423     10.0       .0   -6  -.47043E-02   .94086E-03    -103.47   .101     20.00
   10    424     15.0       .0   -6  -.47043E-02   .94086E-03    -103.47   .101     20.00
   11    425     20.0       .0   -6  -.47043E-02   .94086E-03    -103.47   .101     20.00
   12    426     25.0       .0   -6  -.47043E-02   .94086E-03    -103.47   .101     20.00
   13    427     30.0       .0   -6  -.47043E-02   .94086E-03    -103.47   .101     20.00
   14    428     35.0       .0   -6  -.47043E-02   .94086E-03    -103.47   .101     20.00
   15    429     40.0       .0   -6  -.47043E-02   .94086E-03    -103.47   .101     20.00
   16    430     45.0       .0   -6  -.47043E-02   .94086E-03    -103.47   .101     20.00
   17    431     50.0       .0   -6  -.47043E-02   .94086E-03    -103.47   .101     20.00
   18    432     55.0       .0   -6  -.47043E-02   .94086E-03    -103.47   .101     20.00
   19    433     60.0       .0   -6  -.47043E-02   .94086E-03    -103.47   .101     20.00
   20    434     65.0       .0   -6  -.47043E-02   .94086E-03    -103.47   .101     20.00
   21    435     70.0       .0   -6  -.47043E-02   .94086E-03    -103.47   .101     20.00
   22    436     75.0       .0   -6  -.47043E-02   .94086E-03    -103.47   .101     20.00
   23    437     80.0       .0   -6  -.47043E-02   .94086E-03    -103.47   .101     20.00
   24    438     85.0       .0   -6  -.47043E-02   .94086E-03    -103.47   .101     20.00
   25    439     90.0       .0   -6  -.47043E-02   .94086E-03    -103.47   .101     20.00
   26    440     95.0       .0   -6  -.47043E-02   .94086E-03    -103.47   .101     20.00
   27    441    100.0       .0   -6  -.23521E-02   .94086E-03    -103.47   .101     20.00


 Time:            9.0000

    i      n      x        z    Code       Q            v           h        th      Temp  Conc(1-NS)   Qc(1-NS)
                 [L]      [L]            [V/T]        [L/T]        [L]      [-]       [C]    [M/L3]    [VM/T.L3]

    1      9     40.0    200.0    1   .76118E+02  -.30447E+02        .00   .410     20.00
    2     10     45.0    200.0    1   .41830E+02  -.83660E+01        .00   .410     20.00
    3     11     50.0    200.0    1   .40884E+02  -.81769E+01        .00   .410     20.00
    4     12     55.0    200.0    1   .40669E+02  -.81338E+01        .00   .410     20.00
    5     13     60.0    200.0    1   .41013E+02  -.82026E+01        .00   .410     20.00
    6     14     65.0    200.0    1   .76528E+02  -.30611E+02        .00   .410     20.00
    7    421       .0       .0   -6  -.23521E-02   .94086E-03    -103.47   .101     20.00
    8    422      5.0       .0   -6  -.47043E-02   .94086E-03    -103.47   .101     20.00
    9    423     10.0       .0   -6  -.47043E-02   .94086E-03    -103.47   .101     20.00
   10    424     15.0       .0   -6  -.47043E-02   .94086E-03    -103.47   .101     20.00
   11    425     20.0       .0   -6  -.47043E-02   .94086E-03    -103.47   .101     20.00
   12    426     25.0       .0   -6  -.47043E-02   .94086E-03    -103.47   .101     20.00
   13    427     30.0       .0   -6  -.47043E-02   .94086E-03    -103.47   .101     20.00
   14    428     35.0       .0   -6  -.47043E-02   .94086E-03    -103.47   .101     20.00
   15    429     40.0       .0   -6  -.47043E-02   .94086E-03    -103.47   .101     20.00
   16    430     45.0       .0   -6  -.47043E-02   .94086E-03    -103.47   .101     20.00
   17    431     50.0       .0   -6  -.47043E-02   .94086E-03    -103.47   .101     20.00
   18    432     55.0       .0   -6  -.47043E-02   .94086E-03    -103.47   .101     20.00
   19    433     60.0       .0   -6  -.47043E-02   .94086E-03    -103.47   .101     20.00
   20    434     65.0       .0   -6  -.47043E-02   .94086E-03    -103.47   .101     20.00
   21    435     70.0       .0   -6  -.47043E-02   .94086E-03    -103.47   .101     20.00
   22    436     75.0       .0   -6  -.47043E-02   .94086E-03    -103.47   .101     20.00
   23    437     80.0       .0   -6  -.47043E-02   .94086E-03    -103.47   .101     20.00
   24    438     85.0       .0   -6  -.47043E-02   .94086E-03    -103.47   .101     20.00
   25    439     90.0       .0   -6  -.47043E-02   .94086E-03    -103.47   .101     20.00
   26    440     95.0       .0   -6  -.47043E-02   .94086E-03    -103.47   .101     20.00
   27    441    100.0       .0   -6  -.23521E-02   .94086E-03    -103.47   .101     20.00


 Time:           10.0000

    i      n      x        z    Code       Q            v           h        th      Temp  Conc(1-NS)   Qc(1-NS)
                 [L]      [L]            [V/T]        [L/T]        [L]      [-]       [C]    [M/L3]    [VM/T.L3]

    1      9     40.0    200.0    1   .76109E+02  -.30444E+02        .00   .410     20.00
    2     10     45.0    200.0    1   .41829E+02  -.83658E+01        .00   .410     20.00
    3     11     50.0    200.0    1   .40884E+02  -.81768E+01        .00   .410     20.00
    4     12     55.0    200.0    1   .40669E+02  -.81338E+01        .00   .410     20.00
    5     13     60.0    200.0    1   .41013E+02  -.82027E+01        .00   .410     20.00
    6     14     65.0    200.0    1   .76529E+02  -.30612E+02        .00   .410     20.00
    7    421       .0       .0   -6  -.23521E-02   .94086E-03    -103.47   .101     20.00
    8    422      5.0       .0   -6  -.47043E-02   .94086E-03    -103.47   .101     20.00
    9    423     10.0       .0   -6  -.47043E-02   .94086E-03    -103.47   .101     20.00
   10    424     15.0       .0   -6  -.47043E-02   .94086E-03    -103.47   .101     20.00
   11    425     20.0       .0   -6  -.47043E-02   .94086E-03    -103.47   .101     20.00
   12    426     25.0       .0   -6  -.47043E-02   .94086E-03    -103.47   .101     20.00
   13    427     30.0       .0   -6  -.47043E-02   .94086E-03    -103.47   .101     20.00
   14    428     35.0       .0   -6  -.47043E-02   .94086E-03    -103.47   .101     20.00
   15    429     40.0       .0   -6  -.47043E-02   .94086E-03    -103.47   .101     20.00
   16    430     45.0       .0   -6  -.47043E-02   .94086E-03    -103.47   .101     20.00
   17    431     50.0       .0   -6  -.47043E-02   .94086E-03    -103.47   .101     20.00
   18    432     55.0       .0   -6  -.47043E-02   .94086E-03    -103.47   .101     20.00
   19    433     60.0       .0   -6  -.47043E-02   .94086E-03    -103.47   .101     20.00
   20    434     65.0       .0   -6  -.47043E-02   .94086E-03    -103.47   .101     20.00
   21    435     70.0       .0   -6  -.47043E-02   .94086E-03    -103.47   .101     20.00
   22    436     75.0       .0   -6  -.47043E-02   .94086E-03    -103.47   .101     20.00
   23    437     80.0       .0   -6  -.47043E-02   .94086E-03    -103.47   .101     20.00
   24    438     85.0       .0   -6  -.47043E-02   .94086E-03    -103.47   .101     20.00
   25    439     90.0       .0   -6  -.47043E-02   .94086E-03    -103.47   .101     20.00
   26    440     95.0       .0   -6  -.47043E-02   .94086E-03    -103.47   .101     20.00
   27    441    100.0       .0   -6  -.23521E-02   .94086E-03    -103.47   .101     20.00
