                                                                         
 
 Program HYDRUS2
 Date:  24. 5.    Time:  20:40: 5
 Time independent boundary conditions
 Vertical plane flow, V = L*L
 Units: L = cm   , T = hours, M = mmol 
 

 Max. number of iterations             10
 Absolute water content tolerance [-]  .00100
 Absolute pressure head tolerance [L] 1.00000


 Temperature dependence of hydraulic properties is considered



MatNum, Param. array:

   Mat     Qr     Qs        Alfa         n          Ks      l

    1     .038   .410    .500E-01    .208E+01    .757E+01   .500

       Table of Hydraulic Properties which are interpolated in simulation
       =================================================================

  theta         h        log h        C             K        log K          S
 
   .4100   -.100E-03  -.4000E+01   .3783E-07   .7570E+01   .8791E+00    1.0000
   .4100   -.120E-03  -.3919E+01   .4625E-07   .7570E+01   .8791E+00    1.0000
   .4100   -.145E-03  -.3838E+01   .5654E-07   .7570E+01   .8791E+00    1.0000
   .4100   -.175E-03  -.3758E+01   .6913E-07   .7570E+01   .8791E+00    1.0000
   .4100   -.210E-03  -.3677E+01   .8451E-07   .7570E+01   .8791E+00    1.0000
   .4100   -.254E-03  -.3596E+01   .1033E-06   .7570E+01   .8791E+00    1.0000
   .4100   -.305E-03  -.3515E+01   .1263E-06   .7570E+01   .8791E+00    1.0000
   .4100   -.368E-03  -.3434E+01   .1544E-06   .7570E+01   .8791E+00    1.0000
   .4100   -.443E-03  -.3354E+01   .1888E-06   .7570E+01   .8791E+00    1.0000
   .4100   -.534E-03  -.3273E+01   .2308E-06   .7570E+01   .8791E+00    1.0000
   .4100   -.643E-03  -.3192E+01   .2822E-06   .7570E+01   .8791E+00    1.0000
   .4100   -.774E-03  -.3111E+01   .3450E-06   .7570E+01   .8791E+00    1.0000
   .4100   -.933E-03  -.3030E+01   .4218E-06   .7570E+01   .8791E+00    1.0000
   .4100   -.112E-02  -.2949E+01   .5157E-06   .7570E+01   .8791E+00    1.0000
   .4100   -.135E-02  -.2869E+01   .6304E-06   .7570E+01   .8791E+00    1.0000
   .4100   -.163E-02  -.2788E+01   .7708E-06   .7569E+01   .8791E+00    1.0000
   .4100   -.196E-02  -.2707E+01   .9423E-06   .7569E+01   .8791E+00    1.0000
   .4100   -.236E-02  -.2626E+01   .1152E-05   .7569E+01   .8790E+00    1.0000
   .4100   -.285E-02  -.2545E+01   .1408E-05   .7569E+01   .8790E+00    1.0000
   .4100   -.343E-02  -.2465E+01   .1722E-05   .7569E+01   .8790E+00    1.0000
   .4100   -.413E-02  -.2384E+01   .2105E-05   .7568E+01   .8790E+00    1.0000
   .4100   -.498E-02  -.2303E+01   .2574E-05   .7568E+01   .8790E+00    1.0000
   .4100   -.599E-02  -.2222E+01   .3146E-05   .7568E+01   .8790E+00    1.0000
   .4100   -.722E-02  -.2141E+01   .3847E-05   .7567E+01   .8789E+00    1.0000
   .4100   -.870E-02  -.2061E+01   .4703E-05   .7566E+01   .8789E+00    1.0000
   .4100   -.105E-01  -.1980E+01   .5750E-05   .7566E+01   .8788E+00    1.0000
   .4100   -.126E-01  -.1899E+01   .7029E-05   .7565E+01   .8788E+00    1.0000
   .4100   -.152E-01  -.1818E+01   .8594E-05   .7564E+01   .8787E+00    1.0000
   .4100   -.183E-01  -.1737E+01   .1051E-04   .7562E+01   .8786E+00    1.0000
   .4100   -.221E-01  -.1657E+01   .1284E-04   .7560E+01   .8785E+00    1.0000
   .4100   -.266E-01  -.1576E+01   .1570E-04   .7558E+01   .8784E+00    1.0000
   .4100   -.320E-01  -.1495E+01   .1920E-04   .7556E+01   .8783E+00    1.0000
   .4100   -.385E-01  -.1414E+01   .2347E-04   .7552E+01   .8781E+00    1.0000
   .4100   -.464E-01  -.1333E+01   .2870E-04   .7548E+01   .8779E+00    1.0000
   .4100   -.559E-01  -.1253E+01   .3508E-04   .7544E+01   .8776E+00    1.0000
   .4100   -.673E-01  -.1172E+01   .4289E-04   .7538E+01   .8772E+00    1.0000
   .4100   -.811E-01  -.1091E+01   .5244E-04   .7531E+01   .8768E+00    1.0000
   .4100   -.977E-01  -.1010E+01   .6411E-04   .7522E+01   .8763E+00    1.0000
   .4100   -.118E+00  -.9293E+00   .7837E-04   .7511E+01   .8757E+00    1.0000
   .4100   -.142E+00  -.8485E+00   .9582E-04   .7498E+01   .8749E+00    1.0000
   .4100   -.171E+00  -.7677E+00   .1171E-03   .7482E+01   .8740E+00    1.0000
   .4100   -.206E+00  -.6869E+00   .1432E-03   .7462E+01   .8729E+00    1.0000
   .4100   -.248E+00  -.6061E+00   .1751E-03   .7438E+01   .8715E+00     .9999
   .4100   -.298E+00  -.5253E+00   .2140E-03   .7409E+01   .8698E+00     .9999
   .4100   -.359E+00  -.4444E+00   .2616E-03   .7374E+01   .8677E+00     .9999
   .4099   -.433E+00  -.3636E+00   .3198E-03   .7330E+01   .8651E+00     .9998
   .4099   -.521E+00  -.2828E+00   .3909E-03   .7277E+01   .8620E+00     .9997
   .4099   -.628E+00  -.2020E+00   .4777E-03   .7213E+01   .8581E+00     .9996
   .4098   -.756E+00  -.1212E+00   .5837E-03   .7134E+01   .8533E+00     .9994
   .4097   -.911E+00  -.4040E-01   .7130E-03   .7038E+01   .8475E+00     .9992
   .4095   -.110E+01   .4040E-01   .8707E-03   .6922E+01   .8402E+00     .9988
   .4093   -.132E+01   .1212E+00   .1063E-02   .6781E+01   .8313E+00     .9982
   .4090   -.159E+01   .2020E+00   .1296E-02   .6611E+01   .8203E+00     .9973
   .4085   -.192E+01   .2828E+00   .1579E-02   .6406E+01   .8066E+00     .9961
   .4078   -.231E+01   .3636E+00   .1919E-02   .6160E+01   .7896E+00     .9942
   .4068   -.278E+01   .4444E+00   .2328E-02   .5866E+01   .7684E+00     .9915
   .4054   -.335E+01   .5253E+00   .2813E-02   .5519E+01   .7419E+00     .9876
   .4033   -.404E+01   .6061E+00   .3382E-02   .5113E+01   .7087E+00     .9819
   .4002   -.486E+01   .6869E+00   .4034E-02   .4645E+01   .6670E+00     .9736
   .3958   -.586E+01   .7677E+00   .4759E-02   .4117E+01   .6146E+00     .9619
   .3896   -.705E+01   .8485E+00   .5529E-02   .3537E+01   .5486E+00     .9453
   .3811   -.850E+01   .9293E+00   .6290E-02   .2923E+01   .4658E+00     .9223
   .3695   -.102E+02   .1010E+01   .6957E-02   .2303E+01   .3623E+00     .8912
   .3544   -.123E+02   .1091E+01   .7421E-02   .1715E+01   .2342E+00     .8506
   .3355   -.148E+02   .1172E+01   .7570E-02   .1196E+01   .7760E-01     .7996
   .3127   -.179E+02   .1253E+01   .7335E-02   .7760E+00  -.1101E+00     .7385
   .2870   -.215E+02   .1333E+01   .6722E-02   .4676E+00  -.3301E+00     .6692
   .2593   -.260E+02   .1414E+01   .5823E-02   .2621E+00  -.5816E+00     .5949
   .2312   -.313E+02   .1495E+01   .4785E-02   .1375E+00  -.8617E+00     .5194
   .2041   -.376E+02   .1576E+01   .3756E-02   .6816E-01  -.1166E+01     .4464
   .1789   -.453E+02   .1657E+01   .2838E-02   .3227E-01  -.1491E+01     .3787
   .1563   -.546E+02   .1737E+01   .2082E-02   .1474E-01  -.1831E+01     .3180
   .1366   -.658E+02   .1818E+01   .1493E-02   .6557E-02  -.2183E+01     .2650
   .1197   -.792E+02   .1899E+01   .1053E-02   .2861E-02  -.2544E+01     .2196
   .1054   -.955E+02   .1980E+01   .7346E-03   .1231E-02  -.2910E+01     .1813
   .0935   -.115E+03   .2061E+01   .5080E-03   .5245E-03  -.3280E+01     .1492
   .0836   -.138E+03   .2141E+01   .3493E-03   .2220E-03  -.3654E+01     .1226
   .0754   -.167E+03   .2222E+01   .2393E-03   .9352E-04  -.4029E+01     .1006
   .0687   -.201E+03   .2303E+01   .1634E-03   .3927E-04  -.4406E+01     .0824
   .0631   -.242E+03   .2384E+01   .1114E-03   .1646E-04  -.4784E+01     .0675
   .0586   -.292E+03   .2465E+01   .7588E-04   .6885E-05  -.5162E+01     .0553
   .0548   -.351E+03   .2545E+01   .5162E-04   .2878E-05  -.5541E+01     .0452
   .0518   -.423E+03   .2626E+01   .3510E-04   .1202E-05  -.5920E+01     .0370
   .0493   -.509E+03   .2707E+01   .2386E-04   .5018E-06  -.6299E+01     .0303
   .0472   -.614E+03   .2788E+01   .1621E-04   .2094E-06  -.6679E+01     .0248
   .0455   -.739E+03   .2869E+01   .1101E-04   .8738E-07  -.7059E+01     .0203
   .0442   -.890E+03   .2949E+01   .7480E-05   .3645E-07  -.7438E+01     .0166
   .0430   -.107E+04   .3030E+01   .5080E-05   .1521E-07  -.7818E+01     .0136
   .0421   -.129E+04   .3111E+01   .3450E-05   .6343E-08  -.8198E+01     .0111
   .0414   -.156E+04   .3192E+01   .2343E-05   .2646E-08  -.8577E+01     .0091
   .0408   -.187E+04   .3273E+01   .1591E-05   .1104E-08  -.8957E+01     .0074
   .0403   -.226E+04   .3354E+01   .1081E-05   .4603E-09  -.9337E+01     .0061
   .0398   -.272E+04   .3434E+01   .7339E-06   .1920E-09  -.9717E+01     .0050
   .0395   -.327E+04   .3515E+01   .4984E-06   .8006E-10  -.1010E+02     .0041
   .0392   -.394E+04   .3596E+01   .3384E-06   .3339E-10  -.1048E+02     .0033
   .0390   -.475E+04   .3677E+01   .2298E-06   .1393E-10  -.1086E+02     .0027
   .0388   -.572E+04   .3758E+01   .1561E-06   .5808E-11  -.1124E+02     .0022
   .0387   -.689E+04   .3838E+01   .1060E-06   .2422E-11  -.1162E+02     .0018
   .0386   -.830E+04   .3919E+01   .7197E-07   .1010E-11  -.1200E+02     .0015
   .0385   -.100E+05   .4000E+01   .4887E-07   .4214E-12  -.1238E+02     .0012
end
